=========2017-09-05 18:41:51.518178=========
tbd
['md']
['md', 'lo']
['md']
['md']
['lo']
['md', 'lo']
['md', 'ch_cave_wmo_md.png', 'Thumbs.db']
['lo']
['lo']
['lo']
['lo']
['lo']
['md']
['md']
['md']
['md']
['md']
['hi']
['md', 'xlo']
['xhi']
['lo']
['md', 'xlo', 'lo']
['lo']
=========2017-09-05 18:43:30.800718=========
tbd
folder exists
['md']
['md', 'lo']
['md']
['md']
['lo']
['md', 'lo']
['md', 'ch_cave_wmo_md.png', 'Thumbs.db']
['lo']
['lo']
['lo']
['lo']
['lo']
['md']
['md']
['md']
['md']
['md']
['hi']
['md', 'xlo']
['xhi']
['lo']
['md', 'xlo', 'lo']
['lo']
=========2017-09-05 18:44:23.736311=========
tbd
folder exists
//home/crystal/Desktop/test_iu/project/tbd/assets/rigging/char/ch_2wmo/md
//home/crystal/Desktop/test_iu/project/tbd/assets/rigging/char/ch_2wmo/mdo
//home/crystal/Desktop/test_iu/project/tbd/assets/rigging/char/ch_2yz/md
//home/crystal/Desktop/test_iu/project/tbd/assets/rigging/char/ch_2yz/mdo
//home/crystal/Desktop/test_iu/project/tbd/assets/rigging/char/ch_2yz/lo
//home/crystal/Desktop/test_iu/project/tbd/assets/rigging/char/ch_2yz/loo
//home/crystal/Desktop/test_iu/project/tbd/assets/rigging/char/ch_3wc/md
//home/crystal/Desktop/test_iu/project/tbd/assets/rigging/char/ch_3wc/mdo
//home/crystal/Desktop/test_iu/project/tbd/assets/rigging/char/ch_3wmo/md
//home/crystal/Desktop/test_iu/project/tbd/assets/rigging/char/ch_3wmo/mdo
//home/crystal/Desktop/test_iu/project/tbd/assets/rigging/char/ch_cave_hacker_m/lo
//home/crystal/Desktop/test_iu/project/tbd/assets/rigging/char/ch_cave_hacker_m/loo
//home/crystal/Desktop/test_iu/project/tbd/assets/rigging/char/ch_cave_hacker_wm/md
//home/crystal/Desktop/test_iu/project/tbd/assets/rigging/char/ch_cave_hacker_wm/mdo
//home/crystal/Desktop/test_iu/project/tbd/assets/rigging/char/ch_cave_hacker_wm/lo
//home/crystal/Desktop/test_iu/project/tbd/assets/rigging/char/ch_cave_hacker_wm/loo
//home/crystal/Desktop/test_iu/project/tbd/assets/rigging/char/ch_cave_wmo/md
//home/crystal/Desktop/test_iu/project/tbd/assets/rigging/char/ch_cave_wmo/mdo
//home/crystal/Desktop/test_iu/project/tbd/assets/rigging/char/ch_cave_wmo/ch_cave_wmo_md.png
//home/crystal/Desktop/test_iu/project/tbd/assets/rigging/char/ch_cave_wmo/ch_cave_wmo_md.pngo
//home/crystal/Desktop/test_iu/project/tbd/assets/rigging/char/ch_cave_wmo/Thumbs.db
//home/crystal/Desktop/test_iu/project/tbd/assets/rigging/char/ch_cave_wmo/Thumbs.dbo
//home/crystal/Desktop/test_iu/project/tbd/assets/rigging/env/en_cpu_block/lo
//home/crystal/Desktop/test_iu/project/tbd/assets/rigging/env/en_cpu_block/loo
//home/crystal/Desktop/test_iu/project/tbd/assets/rigging/env/en_cpu_bridge/lo
//home/crystal/Desktop/test_iu/project/tbd/assets/rigging/env/en_cpu_bridge/loo
//home/crystal/Desktop/test_iu/project/tbd/assets/rigging/env/en_earth_broken_a/lo
//home/crystal/Desktop/test_iu/project/tbd/assets/rigging/env/en_earth_broken_a/loo
//home/crystal/Desktop/test_iu/project/tbd/assets/rigging/env/en_earth_broken_b/lo
//home/crystal/Desktop/test_iu/project/tbd/assets/rigging/env/en_earth_broken_b/loo
//home/crystal/Desktop/test_iu/project/tbd/assets/rigging/prop/line_effect/lo
//home/crystal/Desktop/test_iu/project/tbd/assets/rigging/prop/line_effect/loo
//home/crystal/Desktop/test_iu/project/tbd/assets/rigging/prop/pr_flag_small/md
//home/crystal/Desktop/test_iu/project/tbd/assets/rigging/prop/pr_flag_small/mdo
//home/crystal/Desktop/test_iu/project/tbd/assets/rigging/prop/pr_flag_small_b/md
//home/crystal/Desktop/test_iu/project/tbd/assets/rigging/prop/pr_flag_small_b/mdo
//home/crystal/Desktop/test_iu/project/tbd/assets/rigging/prop/pr_horse_flag_a/md
//home/crystal/Desktop/test_iu/project/tbd/assets/rigging/prop/pr_horse_flag_a/mdo
//home/crystal/Desktop/test_iu/project/tbd/assets/rigging/prop/pr_horse_flag_b/md
//home/crystal/Desktop/test_iu/project/tbd/assets/rigging/prop/pr_horse_flag_b/mdo
//home/crystal/Desktop/test_iu/project/tbd/assets/rigging/prop/pr_rock/md
//home/crystal/Desktop/test_iu/project/tbd/assets/rigging/prop/pr_rock/mdo
//home/crystal/Desktop/test_iu/project/tbd/assets/rigging/prop/pr_rock_b/hi
//home/crystal/Desktop/test_iu/project/tbd/assets/rigging/prop/pr_rock_b/hio
//home/crystal/Desktop/test_iu/project/tbd/assets/rigging/prop/pr_shield/md
//home/crystal/Desktop/test_iu/project/tbd/assets/rigging/prop/pr_shield/mdo
//home/crystal/Desktop/test_iu/project/tbd/assets/rigging/prop/pr_shield/xlo
//home/crystal/Desktop/test_iu/project/tbd/assets/rigging/prop/pr_shield/xloo
//home/crystal/Desktop/test_iu/project/tbd/assets/rigging/prop/pr_smalldrum_broken/xhi
//home/crystal/Desktop/test_iu/project/tbd/assets/rigging/prop/pr_smalldrum_broken/xhio
//home/crystal/Desktop/test_iu/project/tbd/assets/rigging/prop/pr_soldier_flag/lo
//home/crystal/Desktop/test_iu/project/tbd/assets/rigging/prop/pr_soldier_flag/loo
//home/crystal/Desktop/test_iu/project/tbd/assets/rigging/prop/pr_spear/md
//home/crystal/Desktop/test_iu/project/tbd/assets/rigging/prop/pr_spear/mdo
//home/crystal/Desktop/test_iu/project/tbd/assets/rigging/prop/pr_spear/xlo
//home/crystal/Desktop/test_iu/project/tbd/assets/rigging/prop/pr_spear/xloo
//home/crystal/Desktop/test_iu/project/tbd/assets/rigging/prop/pr_spear/lo
//home/crystal/Desktop/test_iu/project/tbd/assets/rigging/prop/pr_spear/loo
//home/crystal/Desktop/test_iu/project/tbd/assets/rigging/prop/pr_tower_a_broken/lo
//home/crystal/Desktop/test_iu/project/tbd/assets/rigging/prop/pr_tower_a_broken/loo
=========2017-09-05 18:44:35.820351=========
tbd
folder exists
//home/crystal/Desktop/test_iu/project/tbd/assets/rigging/char/ch_2wmo/md
//home/crystal/Desktop/test_iu/project/tbd/assets/rigging/char/ch_2wmo/mdo
//home/crystal/Desktop/test_iu/project/tbd/assets/rigging/char/ch_2yz/md
//home/crystal/Desktop/test_iu/project/tbd/assets/rigging/char/ch_2yz/mdo
//home/crystal/Desktop/test_iu/project/tbd/assets/rigging/char/ch_2yz/lo
//home/crystal/Desktop/test_iu/project/tbd/assets/rigging/char/ch_2yz/loo
//home/crystal/Desktop/test_iu/project/tbd/assets/rigging/char/ch_3wc/md
//home/crystal/Desktop/test_iu/project/tbd/assets/rigging/char/ch_3wc/mdo
//home/crystal/Desktop/test_iu/project/tbd/assets/rigging/char/ch_3wmo/md
//home/crystal/Desktop/test_iu/project/tbd/assets/rigging/char/ch_3wmo/mdo
//home/crystal/Desktop/test_iu/project/tbd/assets/rigging/char/ch_cave_hacker_m/lo
//home/crystal/Desktop/test_iu/project/tbd/assets/rigging/char/ch_cave_hacker_m/loo
//home/crystal/Desktop/test_iu/project/tbd/assets/rigging/char/ch_cave_hacker_wm/md
//home/crystal/Desktop/test_iu/project/tbd/assets/rigging/char/ch_cave_hacker_wm/mdo
//home/crystal/Desktop/test_iu/project/tbd/assets/rigging/char/ch_cave_hacker_wm/lo
//home/crystal/Desktop/test_iu/project/tbd/assets/rigging/char/ch_cave_hacker_wm/loo
//home/crystal/Desktop/test_iu/project/tbd/assets/rigging/char/ch_cave_wmo/md
//home/crystal/Desktop/test_iu/project/tbd/assets/rigging/char/ch_cave_wmo/mdo
//home/crystal/Desktop/test_iu/project/tbd/assets/rigging/char/ch_cave_wmo/ch_cave_wmo_md.png
//home/crystal/Desktop/test_iu/project/tbd/assets/rigging/char/ch_cave_wmo/Thumbs.db
//home/crystal/Desktop/test_iu/project/tbd/assets/rigging/env/en_cpu_block/lo
//home/crystal/Desktop/test_iu/project/tbd/assets/rigging/env/en_cpu_block/loo
//home/crystal/Desktop/test_iu/project/tbd/assets/rigging/env/en_cpu_bridge/lo
//home/crystal/Desktop/test_iu/project/tbd/assets/rigging/env/en_cpu_bridge/loo
//home/crystal/Desktop/test_iu/project/tbd/assets/rigging/env/en_earth_broken_a/lo
//home/crystal/Desktop/test_iu/project/tbd/assets/rigging/env/en_earth_broken_a/loo
//home/crystal/Desktop/test_iu/project/tbd/assets/rigging/env/en_earth_broken_b/lo
//home/crystal/Desktop/test_iu/project/tbd/assets/rigging/env/en_earth_broken_b/loo
//home/crystal/Desktop/test_iu/project/tbd/assets/rigging/prop/line_effect/lo
//home/crystal/Desktop/test_iu/project/tbd/assets/rigging/prop/line_effect/loo
//home/crystal/Desktop/test_iu/project/tbd/assets/rigging/prop/pr_flag_small/md
//home/crystal/Desktop/test_iu/project/tbd/assets/rigging/prop/pr_flag_small/mdo
//home/crystal/Desktop/test_iu/project/tbd/assets/rigging/prop/pr_flag_small_b/md
//home/crystal/Desktop/test_iu/project/tbd/assets/rigging/prop/pr_flag_small_b/mdo
//home/crystal/Desktop/test_iu/project/tbd/assets/rigging/prop/pr_horse_flag_a/md
//home/crystal/Desktop/test_iu/project/tbd/assets/rigging/prop/pr_horse_flag_a/mdo
//home/crystal/Desktop/test_iu/project/tbd/assets/rigging/prop/pr_horse_flag_b/md
//home/crystal/Desktop/test_iu/project/tbd/assets/rigging/prop/pr_horse_flag_b/mdo
//home/crystal/Desktop/test_iu/project/tbd/assets/rigging/prop/pr_rock/md
//home/crystal/Desktop/test_iu/project/tbd/assets/rigging/prop/pr_rock/mdo
//home/crystal/Desktop/test_iu/project/tbd/assets/rigging/prop/pr_rock_b/hi
//home/crystal/Desktop/test_iu/project/tbd/assets/rigging/prop/pr_rock_b/hio
//home/crystal/Desktop/test_iu/project/tbd/assets/rigging/prop/pr_shield/md
//home/crystal/Desktop/test_iu/project/tbd/assets/rigging/prop/pr_shield/mdo
//home/crystal/Desktop/test_iu/project/tbd/assets/rigging/prop/pr_shield/xlo
//home/crystal/Desktop/test_iu/project/tbd/assets/rigging/prop/pr_shield/xloo
//home/crystal/Desktop/test_iu/project/tbd/assets/rigging/prop/pr_smalldrum_broken/xhi
//home/crystal/Desktop/test_iu/project/tbd/assets/rigging/prop/pr_smalldrum_broken/xhio
//home/crystal/Desktop/test_iu/project/tbd/assets/rigging/prop/pr_soldier_flag/lo
//home/crystal/Desktop/test_iu/project/tbd/assets/rigging/prop/pr_soldier_flag/loo
//home/crystal/Desktop/test_iu/project/tbd/assets/rigging/prop/pr_spear/md
//home/crystal/Desktop/test_iu/project/tbd/assets/rigging/prop/pr_spear/mdo
//home/crystal/Desktop/test_iu/project/tbd/assets/rigging/prop/pr_spear/xlo
//home/crystal/Desktop/test_iu/project/tbd/assets/rigging/prop/pr_spear/xloo
//home/crystal/Desktop/test_iu/project/tbd/assets/rigging/prop/pr_spear/lo
//home/crystal/Desktop/test_iu/project/tbd/assets/rigging/prop/pr_spear/loo
//home/crystal/Desktop/test_iu/project/tbd/assets/rigging/prop/pr_tower_a_broken/lo
//home/crystal/Desktop/test_iu/project/tbd/assets/rigging/prop/pr_tower_a_broken/loo
=========2017-09-05 18:45:47.169654=========
tbd
folder exists
//home/crystal/Desktop/test_iu/project/tbd/assets/rigging/char/ch_cave_wmo/ch_cave_wmo_md.png=>None
//home/crystal/Desktop/test_iu/project/tbd/assets/rigging/char/ch_cave_wmo/Thumbs.db=>None
=========2017-09-05 18:49:48.628200=========
tbd
//home/crystal/Desktop/test_iu/project/tbd/assets/rigging/char/ch_cave_wmo/ch_cave_wmo_md.png=>None
//home/crystal/Desktop/test_iu/project/tbd/assets/rigging/char/ch_cave_wmo/Thumbs.db=>None
=========2017-09-05 18:50:10.473114=========
tbd
['//home/crystal/Desktop/test_iu/project/tbd/assets/lookdev/char/ch_2wmo/md/shader/ch_2wmo_v02.ma', '//home/crystal/Desktop/test_iu/project/tbd/assets/lookdev/char/ch_2wmo/md/shader/ch_2wmo_v03.ma', '//home/crystal/Desktop/test_iu/project/tbd/assets/lookdev/char/ch_2wmo/md/shader/ch_2wmo_v04.ma', '//home/crystal/Desktop/test_iu/project/tbd/assets/lookdev/char/ch_2wmo/md/shader/ch_2wmo_v01.ma', '//home/crystal/Desktop/test_iu/project/tbd/assets/lookdev/char/ch_2wmo/md/shader/ch_2wmo_v02.xml', '//home/crystal/Desktop/test_iu/project/tbd/assets/lookdev/char/ch_2wmo/md/shader/ch_2wmo_v03.xml', '//home/crystal/Desktop/test_iu/project/tbd/assets/lookdev/char/ch_2wmo/md/shader/ch_2wmo_v04.xml', '//home/crystal/Desktop/test_iu/project/tbd/assets/lookdev/char/ch_2wmo/md/shader/ch_2wmo_v01.xml']
['//home/crystal/Desktop/test_iu/project/tbd/assets/lookdev/char/ch_2wmo/lo/shader/ch_2wmo_v02.ma', '//home/crystal/Desktop/test_iu/project/tbd/assets/lookdev/char/ch_2wmo/lo/shader/ch_2wmo_v03.ma', '//home/crystal/Desktop/test_iu/project/tbd/assets/lookdev/char/ch_2wmo/lo/shader/ch_2wmo_v04.ma', '//home/crystal/Desktop/test_iu/project/tbd/assets/lookdev/char/ch_2wmo/lo/shader/ch_2wmo_v01.ma', '//home/crystal/Desktop/test_iu/project/tbd/assets/lookdev/char/ch_2wmo/lo/shader/ch_2wmo_v02.xml', '//home/crystal/Desktop/test_iu/project/tbd/assets/lookdev/char/ch_2wmo/lo/shader/ch_2wmo_v03.xml', '//home/crystal/Desktop/test_iu/project/tbd/assets/lookdev/char/ch_2wmo/lo/shader/ch_2wmo_v04.xml', '//home/crystal/Desktop/test_iu/project/tbd/assets/lookdev/char/ch_2wmo/lo/shader/ch_2wmo_v01.xml']
//home/crystal/Desktop/test_iu/project/tbd/assets/lookdev/char/ch_2wmo/ch_2wmo_md.pngNone
//home/crystal/Desktop/test_iu/project/tbd/assets/lookdev/char/ch_2wmo/Thumbs.dbNone
//home/crystal/Desktop/test_iu/project/tbd/assets/lookdev/char/ch_2yz/ch_2yz_lo.pngNone
//home/crystal/Desktop/test_iu/project/tbd/assets/lookdev/char/ch_2yz/Thumbs.dbNone
//home/crystal/Desktop/test_iu/project/tbd/assets/lookdev/char/ch_2yz/ch_2yz_md.pngNone
['//home/crystal/Desktop/test_iu/project/tbd/assets/lookdev/char/ch_2yz/md/shader/ch_2yz_v01.ma', '//home/crystal/Desktop/test_iu/project/tbd/assets/lookdev/char/ch_2yz/md/shader/ch_2yz_v02.ma', '//home/crystal/Desktop/test_iu/project/tbd/assets/lookdev/char/ch_2yz/md/shader/ch_2yz_v03.ma', '//home/crystal/Desktop/test_iu/project/tbd/assets/lookdev/char/ch_2yz/md/shader/ch_2yz_v04.ma', '//home/crystal/Desktop/test_iu/project/tbd/assets/lookdev/char/ch_2yz/md/shader/ch_2yz_v05.ma', '//home/crystal/Desktop/test_iu/project/tbd/assets/lookdev/char/ch_2yz/md/shader/ch_2yz_v01.xml', '//home/crystal/Desktop/test_iu/project/tbd/assets/lookdev/char/ch_2yz/md/shader/ch_2yz_v02.xml', '//home/crystal/Desktop/test_iu/project/tbd/assets/lookdev/char/ch_2yz/md/shader/ch_2yz_v03.xml', '//home/crystal/Desktop/test_iu/project/tbd/assets/lookdev/char/ch_2yz/md/shader/ch_2yz_v04.xml', '//home/crystal/Desktop/test_iu/project/tbd/assets/lookdev/char/ch_2yz/md/shader/ch_2yz_v05.xml']
['//home/crystal/Desktop/test_iu/project/tbd/assets/lookdev/char/ch_2yz/lo/shader/ch_2yz_v02.ma', '//home/crystal/Desktop/test_iu/project/tbd/assets/lookdev/char/ch_2yz/lo/shader/ch_2yz_v03.ma', '//home/crystal/Desktop/test_iu/project/tbd/assets/lookdev/char/ch_2yz/lo/shader/ch_2yz_v04.ma', '//home/crystal/Desktop/test_iu/project/tbd/assets/lookdev/char/ch_2yz/lo/shader/ch_2yz_v01.ma', '//home/crystal/Desktop/test_iu/project/tbd/assets/lookdev/char/ch_2yz/lo/shader/ch_2yz_v01.xml', '//home/crystal/Desktop/test_iu/project/tbd/assets/lookdev/char/ch_2yz/lo/shader/ch_2yz_v02.xml', '//home/crystal/Desktop/test_iu/project/tbd/assets/lookdev/char/ch_2yz/lo/shader/ch_2yz_v03.xml', '//home/crystal/Desktop/test_iu/project/tbd/assets/lookdev/char/ch_2yz/lo/shader/ch_2yz_v04.xml']
['//home/crystal/Desktop/test_iu/project/tbd/assets/lookdev/char/ch_3wc/md/shader/ch_3wc_v01.ma', '//home/crystal/Desktop/test_iu/project/tbd/assets/lookdev/char/ch_3wc/md/shader/ch_3wc_v02.ma', '//home/crystal/Desktop/test_iu/project/tbd/assets/lookdev/char/ch_3wc/md/shader/ch_3wc_v01.xml', '//home/crystal/Desktop/test_iu/project/tbd/assets/lookdev/char/ch_3wc/md/shader/ch_3wc_v02.xml']
//home/crystal/Desktop/test_iu/project/tbd/assets/lookdev/char/ch_3wc/ch_3wc_md.pngNone
//home/crystal/Desktop/test_iu/project/tbd/assets/lookdev/char/ch_3wc/Thumbs.dbNone
[]
//home/crystal/Desktop/test_iu/project/tbd/assets/lookdev/char/ch_3wmo/ch_3wmo_md.pngNone
//home/crystal/Desktop/test_iu/project/tbd/assets/lookdev/char/ch_3wmo/Thumbs.dbNone
//home/crystal/Desktop/test_iu/project/tbd/assets/lookdev/char/ch_cave_hacker_m/ch_cave_hacker_m_lo.pngNone
//home/crystal/Desktop/test_iu/project/tbd/assets/lookdev/char/ch_cave_hacker_m/Thumbs.dbNone
['//home/crystal/Desktop/test_iu/project/tbd/assets/lookdev/char/ch_cave_hacker_m/lo/shader/ch_cave_hacker_m_v01.ma', '//home/crystal/Desktop/test_iu/project/tbd/assets/lookdev/char/ch_cave_hacker_m/lo/shader/ch_cave_hacker_m_v01.xml']
[]
//home/crystal/Desktop/test_iu/project/tbd/assets/lookdev/char/ch_cave_hacker_wm/ch_cave_hacker_wm_md.pngNone
[]
//home/crystal/Desktop/test_iu/project/tbd/assets/lookdev/char/ch_cave_hacker_wm/ch_cave_hacker_wm_lo.pngNone
//home/crystal/Desktop/test_iu/project/tbd/assets/lookdev/char/ch_cave_hacker_wm/Thumbs.dbNone
//home/crystal/Desktop/test_iu/project/tbd/assets/lookdev/char/ch_cave_wmo/ch_cave_wmo_md.pngNone
//home/crystal/Desktop/test_iu/project/tbd/assets/lookdev/char/ch_cave_wmo/Thumbs.dbNone
[]
[]
[]
['//home/crystal/Desktop/test_iu/project/tbd/assets/lookdev/prop/pr_arrow/md/shader/pr_arrow_v01.ma', '//home/crystal/Desktop/test_iu/project/tbd/assets/lookdev/prop/pr_arrow/md/shader/pr_arrow_v02.ma', '//home/crystal/Desktop/test_iu/project/tbd/assets/lookdev/prop/pr_arrow/md/shader/pr_arrow_v01.xml', '//home/crystal/Desktop/test_iu/project/tbd/assets/lookdev/prop/pr_arrow/md/shader/pr_arrow_v02.xml']
max() arg is an empty sequence
//home/crystal/Desktop/test_iu/project/tbd/assets/model
//home/crystal/Desktop/test_iu/project/tbd/assets/rigging/char/ch_cave_wmo/ch_cave_wmo_md.png=>None
//home/crystal/Desktop/test_iu/project/tbd/assets/rigging/char/ch_cave_wmo/Thumbs.db=>None
//home/crystal/Desktop/test_iu/project/tbd/assets/texture/char/ch_cave_wmo/ch_cave_wmo_md.png=>None
//home/crystal/Desktop/test_iu/project/tbd/assets/texture/char/ch_cave_wmo/Thumbs.db=>None
=========2017-09-05 18:55:32.715643=========
tbd
['//home/crystal/Desktop/test_iu/project/tbd/assets/lookdev/char/ch_2wmo/md/shader/ch_2wmo_v02.ma', '//home/crystal/Desktop/test_iu/project/tbd/assets/lookdev/char/ch_2wmo/md/shader/ch_2wmo_v03.ma', '//home/crystal/Desktop/test_iu/project/tbd/assets/lookdev/char/ch_2wmo/md/shader/ch_2wmo_v04.ma', '//home/crystal/Desktop/test_iu/project/tbd/assets/lookdev/char/ch_2wmo/md/shader/ch_2wmo_v01.ma', '//home/crystal/Desktop/test_iu/project/tbd/assets/lookdev/char/ch_2wmo/md/shader/ch_2wmo_v02.xml', '//home/crystal/Desktop/test_iu/project/tbd/assets/lookdev/char/ch_2wmo/md/shader/ch_2wmo_v03.xml', '//home/crystal/Desktop/test_iu/project/tbd/assets/lookdev/char/ch_2wmo/md/shader/ch_2wmo_v04.xml', '//home/crystal/Desktop/test_iu/project/tbd/assets/lookdev/char/ch_2wmo/md/shader/ch_2wmo_v01.xml']
['//home/crystal/Desktop/test_iu/project/tbd/assets/lookdev/char/ch_2wmo/lo/shader/ch_2wmo_v02.ma', '//home/crystal/Desktop/test_iu/project/tbd/assets/lookdev/char/ch_2wmo/lo/shader/ch_2wmo_v03.ma', '//home/crystal/Desktop/test_iu/project/tbd/assets/lookdev/char/ch_2wmo/lo/shader/ch_2wmo_v04.ma', '//home/crystal/Desktop/test_iu/project/tbd/assets/lookdev/char/ch_2wmo/lo/shader/ch_2wmo_v01.ma', '//home/crystal/Desktop/test_iu/project/tbd/assets/lookdev/char/ch_2wmo/lo/shader/ch_2wmo_v02.xml', '//home/crystal/Desktop/test_iu/project/tbd/assets/lookdev/char/ch_2wmo/lo/shader/ch_2wmo_v03.xml', '//home/crystal/Desktop/test_iu/project/tbd/assets/lookdev/char/ch_2wmo/lo/shader/ch_2wmo_v04.xml', '//home/crystal/Desktop/test_iu/project/tbd/assets/lookdev/char/ch_2wmo/lo/shader/ch_2wmo_v01.xml']
//home/crystal/Desktop/test_iu/project/tbd/assets/lookdev/char/ch_2wmo/ch_2wmo_md.pngNone
//home/crystal/Desktop/test_iu/project/tbd/assets/lookdev/char/ch_2wmo/Thumbs.dbNone
//home/crystal/Desktop/test_iu/project/tbd/assets/lookdev/char/ch_2yz/ch_2yz_lo.pngNone
//home/crystal/Desktop/test_iu/project/tbd/assets/lookdev/char/ch_2yz/Thumbs.dbNone
//home/crystal/Desktop/test_iu/project/tbd/assets/lookdev/char/ch_2yz/ch_2yz_md.pngNone
['//home/crystal/Desktop/test_iu/project/tbd/assets/lookdev/char/ch_2yz/md/shader/ch_2yz_v01.ma', '//home/crystal/Desktop/test_iu/project/tbd/assets/lookdev/char/ch_2yz/md/shader/ch_2yz_v02.ma', '//home/crystal/Desktop/test_iu/project/tbd/assets/lookdev/char/ch_2yz/md/shader/ch_2yz_v03.ma', '//home/crystal/Desktop/test_iu/project/tbd/assets/lookdev/char/ch_2yz/md/shader/ch_2yz_v04.ma', '//home/crystal/Desktop/test_iu/project/tbd/assets/lookdev/char/ch_2yz/md/shader/ch_2yz_v05.ma', '//home/crystal/Desktop/test_iu/project/tbd/assets/lookdev/char/ch_2yz/md/shader/ch_2yz_v01.xml', '//home/crystal/Desktop/test_iu/project/tbd/assets/lookdev/char/ch_2yz/md/shader/ch_2yz_v02.xml', '//home/crystal/Desktop/test_iu/project/tbd/assets/lookdev/char/ch_2yz/md/shader/ch_2yz_v03.xml', '//home/crystal/Desktop/test_iu/project/tbd/assets/lookdev/char/ch_2yz/md/shader/ch_2yz_v04.xml', '//home/crystal/Desktop/test_iu/project/tbd/assets/lookdev/char/ch_2yz/md/shader/ch_2yz_v05.xml']
['//home/crystal/Desktop/test_iu/project/tbd/assets/lookdev/char/ch_2yz/lo/shader/ch_2yz_v02.ma', '//home/crystal/Desktop/test_iu/project/tbd/assets/lookdev/char/ch_2yz/lo/shader/ch_2yz_v03.ma', '//home/crystal/Desktop/test_iu/project/tbd/assets/lookdev/char/ch_2yz/lo/shader/ch_2yz_v04.ma', '//home/crystal/Desktop/test_iu/project/tbd/assets/lookdev/char/ch_2yz/lo/shader/ch_2yz_v01.ma', '//home/crystal/Desktop/test_iu/project/tbd/assets/lookdev/char/ch_2yz/lo/shader/ch_2yz_v01.xml', '//home/crystal/Desktop/test_iu/project/tbd/assets/lookdev/char/ch_2yz/lo/shader/ch_2yz_v02.xml', '//home/crystal/Desktop/test_iu/project/tbd/assets/lookdev/char/ch_2yz/lo/shader/ch_2yz_v03.xml', '//home/crystal/Desktop/test_iu/project/tbd/assets/lookdev/char/ch_2yz/lo/shader/ch_2yz_v04.xml']
['//home/crystal/Desktop/test_iu/project/tbd/assets/lookdev/char/ch_3wc/md/shader/ch_3wc_v01.ma', '//home/crystal/Desktop/test_iu/project/tbd/assets/lookdev/char/ch_3wc/md/shader/ch_3wc_v02.ma', '//home/crystal/Desktop/test_iu/project/tbd/assets/lookdev/char/ch_3wc/md/shader/ch_3wc_v01.xml', '//home/crystal/Desktop/test_iu/project/tbd/assets/lookdev/char/ch_3wc/md/shader/ch_3wc_v02.xml']
//home/crystal/Desktop/test_iu/project/tbd/assets/lookdev/char/ch_3wc/ch_3wc_md.pngNone
//home/crystal/Desktop/test_iu/project/tbd/assets/lookdev/char/ch_3wc/Thumbs.dbNone
[]
//home/crystal/Desktop/test_iu/project/tbd/assets/lookdev/char/ch_3wmo/ch_3wmo_md.pngNone
//home/crystal/Desktop/test_iu/project/tbd/assets/lookdev/char/ch_3wmo/Thumbs.dbNone
//home/crystal/Desktop/test_iu/project/tbd/assets/lookdev/char/ch_cave_hacker_m/ch_cave_hacker_m_lo.pngNone
//home/crystal/Desktop/test_iu/project/tbd/assets/lookdev/char/ch_cave_hacker_m/Thumbs.dbNone
['//home/crystal/Desktop/test_iu/project/tbd/assets/lookdev/char/ch_cave_hacker_m/lo/shader/ch_cave_hacker_m_v01.ma', '//home/crystal/Desktop/test_iu/project/tbd/assets/lookdev/char/ch_cave_hacker_m/lo/shader/ch_cave_hacker_m_v01.xml']
[]
//home/crystal/Desktop/test_iu/project/tbd/assets/lookdev/char/ch_cave_hacker_wm/ch_cave_hacker_wm_md.pngNone
[]
//home/crystal/Desktop/test_iu/project/tbd/assets/lookdev/char/ch_cave_hacker_wm/ch_cave_hacker_wm_lo.pngNone
//home/crystal/Desktop/test_iu/project/tbd/assets/lookdev/char/ch_cave_hacker_wm/Thumbs.dbNone
//home/crystal/Desktop/test_iu/project/tbd/assets/lookdev/char/ch_cave_wmo/ch_cave_wmo_md.pngNone
//home/crystal/Desktop/test_iu/project/tbd/assets/lookdev/char/ch_cave_wmo/Thumbs.dbNone
[]
[]
[]
['//home/crystal/Desktop/test_iu/project/tbd/assets/lookdev/prop/pr_arrow/md/shader/pr_arrow_v01.ma', '//home/crystal/Desktop/test_iu/project/tbd/assets/lookdev/prop/pr_arrow/md/shader/pr_arrow_v02.ma', '//home/crystal/Desktop/test_iu/project/tbd/assets/lookdev/prop/pr_arrow/md/shader/pr_arrow_v01.xml', '//home/crystal/Desktop/test_iu/project/tbd/assets/lookdev/prop/pr_arrow/md/shader/pr_arrow_v02.xml']
=========2017-09-05 18:55:44.913038=========
tbd
folder exists
[Errno 17] File exists: '//home/crystal/Desktop/project_test/tbd/char/ch_2wmo/md'
['//home/crystal/Desktop/test_iu/project/tbd/assets/lookdev/char/ch_2wmo/md/shader/ch_2wmo_v02.ma', '//home/crystal/Desktop/test_iu/project/tbd/assets/lookdev/char/ch_2wmo/md/shader/ch_2wmo_v03.ma', '//home/crystal/Desktop/test_iu/project/tbd/assets/lookdev/char/ch_2wmo/md/shader/ch_2wmo_v04.ma', '//home/crystal/Desktop/test_iu/project/tbd/assets/lookdev/char/ch_2wmo/md/shader/ch_2wmo_v01.ma', '//home/crystal/Desktop/test_iu/project/tbd/assets/lookdev/char/ch_2wmo/md/shader/ch_2wmo_v02.xml', '//home/crystal/Desktop/test_iu/project/tbd/assets/lookdev/char/ch_2wmo/md/shader/ch_2wmo_v03.xml', '//home/crystal/Desktop/test_iu/project/tbd/assets/lookdev/char/ch_2wmo/md/shader/ch_2wmo_v04.xml', '//home/crystal/Desktop/test_iu/project/tbd/assets/lookdev/char/ch_2wmo/md/shader/ch_2wmo_v01.xml']
[Errno 17] File exists: '//home/crystal/Desktop/project_test/tbd/char/ch_2wmo/lo'
['//home/crystal/Desktop/test_iu/project/tbd/assets/lookdev/char/ch_2wmo/lo/shader/ch_2wmo_v02.ma', '//home/crystal/Desktop/test_iu/project/tbd/assets/lookdev/char/ch_2wmo/lo/shader/ch_2wmo_v03.ma', '//home/crystal/Desktop/test_iu/project/tbd/assets/lookdev/char/ch_2wmo/lo/shader/ch_2wmo_v04.ma', '//home/crystal/Desktop/test_iu/project/tbd/assets/lookdev/char/ch_2wmo/lo/shader/ch_2wmo_v01.ma', '//home/crystal/Desktop/test_iu/project/tbd/assets/lookdev/char/ch_2wmo/lo/shader/ch_2wmo_v02.xml', '//home/crystal/Desktop/test_iu/project/tbd/assets/lookdev/char/ch_2wmo/lo/shader/ch_2wmo_v03.xml', '//home/crystal/Desktop/test_iu/project/tbd/assets/lookdev/char/ch_2wmo/lo/shader/ch_2wmo_v04.xml', '//home/crystal/Desktop/test_iu/project/tbd/assets/lookdev/char/ch_2wmo/lo/shader/ch_2wmo_v01.xml']
//home/crystal/Desktop/test_iu/project/tbd/assets/lookdev/char/ch_2wmo/ch_2wmo_md.pngNone
//home/crystal/Desktop/test_iu/project/tbd/assets/lookdev/char/ch_2wmo/Thumbs.dbNone
//home/crystal/Desktop/test_iu/project/tbd/assets/lookdev/char/ch_2yz/ch_2yz_lo.pngNone
//home/crystal/Desktop/test_iu/project/tbd/assets/lookdev/char/ch_2yz/Thumbs.dbNone
//home/crystal/Desktop/test_iu/project/tbd/assets/lookdev/char/ch_2yz/ch_2yz_md.pngNone
[Errno 17] File exists: '//home/crystal/Desktop/project_test/tbd/char/ch_2yz/md'
['//home/crystal/Desktop/test_iu/project/tbd/assets/lookdev/char/ch_2yz/md/shader/ch_2yz_v01.ma', '//home/crystal/Desktop/test_iu/project/tbd/assets/lookdev/char/ch_2yz/md/shader/ch_2yz_v02.ma', '//home/crystal/Desktop/test_iu/project/tbd/assets/lookdev/char/ch_2yz/md/shader/ch_2yz_v03.ma', '//home/crystal/Desktop/test_iu/project/tbd/assets/lookdev/char/ch_2yz/md/shader/ch_2yz_v04.ma', '//home/crystal/Desktop/test_iu/project/tbd/assets/lookdev/char/ch_2yz/md/shader/ch_2yz_v05.ma', '//home/crystal/Desktop/test_iu/project/tbd/assets/lookdev/char/ch_2yz/md/shader/ch_2yz_v01.xml', '//home/crystal/Desktop/test_iu/project/tbd/assets/lookdev/char/ch_2yz/md/shader/ch_2yz_v02.xml', '//home/crystal/Desktop/test_iu/project/tbd/assets/lookdev/char/ch_2yz/md/shader/ch_2yz_v03.xml', '//home/crystal/Desktop/test_iu/project/tbd/assets/lookdev/char/ch_2yz/md/shader/ch_2yz_v04.xml', '//home/crystal/Desktop/test_iu/project/tbd/assets/lookdev/char/ch_2yz/md/shader/ch_2yz_v05.xml']
[Errno 17] File exists: '//home/crystal/Desktop/project_test/tbd/char/ch_2yz/lo'
['//home/crystal/Desktop/test_iu/project/tbd/assets/lookdev/char/ch_2yz/lo/shader/ch_2yz_v02.ma', '//home/crystal/Desktop/test_iu/project/tbd/assets/lookdev/char/ch_2yz/lo/shader/ch_2yz_v03.ma', '//home/crystal/Desktop/test_iu/project/tbd/assets/lookdev/char/ch_2yz/lo/shader/ch_2yz_v04.ma', '//home/crystal/Desktop/test_iu/project/tbd/assets/lookdev/char/ch_2yz/lo/shader/ch_2yz_v01.ma', '//home/crystal/Desktop/test_iu/project/tbd/assets/lookdev/char/ch_2yz/lo/shader/ch_2yz_v01.xml', '//home/crystal/Desktop/test_iu/project/tbd/assets/lookdev/char/ch_2yz/lo/shader/ch_2yz_v02.xml', '//home/crystal/Desktop/test_iu/project/tbd/assets/lookdev/char/ch_2yz/lo/shader/ch_2yz_v03.xml', '//home/crystal/Desktop/test_iu/project/tbd/assets/lookdev/char/ch_2yz/lo/shader/ch_2yz_v04.xml']
[Errno 17] File exists: '//home/crystal/Desktop/project_test/tbd/char/ch_3wc/md'
['//home/crystal/Desktop/test_iu/project/tbd/assets/lookdev/char/ch_3wc/md/shader/ch_3wc_v01.ma', '//home/crystal/Desktop/test_iu/project/tbd/assets/lookdev/char/ch_3wc/md/shader/ch_3wc_v02.ma', '//home/crystal/Desktop/test_iu/project/tbd/assets/lookdev/char/ch_3wc/md/shader/ch_3wc_v01.xml', '//home/crystal/Desktop/test_iu/project/tbd/assets/lookdev/char/ch_3wc/md/shader/ch_3wc_v02.xml']
//home/crystal/Desktop/test_iu/project/tbd/assets/lookdev/char/ch_3wc/ch_3wc_md.pngNone
//home/crystal/Desktop/test_iu/project/tbd/assets/lookdev/char/ch_3wc/Thumbs.dbNone
[Errno 17] File exists: '//home/crystal/Desktop/project_test/tbd/char/ch_3wmo/md'
[]
//home/crystal/Desktop/test_iu/project/tbd/assets/lookdev/char/ch_3wmo/ch_3wmo_md.pngNone
//home/crystal/Desktop/test_iu/project/tbd/assets/lookdev/char/ch_3wmo/Thumbs.dbNone
//home/crystal/Desktop/test_iu/project/tbd/assets/lookdev/char/ch_cave_hacker_m/ch_cave_hacker_m_lo.pngNone
//home/crystal/Desktop/test_iu/project/tbd/assets/lookdev/char/ch_cave_hacker_m/Thumbs.dbNone
[Errno 17] File exists: '//home/crystal/Desktop/project_test/tbd/char/ch_cave_hacker_m/lo'
['//home/crystal/Desktop/test_iu/project/tbd/assets/lookdev/char/ch_cave_hacker_m/lo/shader/ch_cave_hacker_m_v01.ma', '//home/crystal/Desktop/test_iu/project/tbd/assets/lookdev/char/ch_cave_hacker_m/lo/shader/ch_cave_hacker_m_v01.xml']
[Errno 17] File exists: '//home/crystal/Desktop/project_test/tbd/char/ch_cave_hacker_wm/md'
[]
//home/crystal/Desktop/test_iu/project/tbd/assets/lookdev/char/ch_cave_hacker_wm/ch_cave_hacker_wm_md.pngNone
[Errno 17] File exists: '//home/crystal/Desktop/project_test/tbd/char/ch_cave_hacker_wm/lo'
[]
//home/crystal/Desktop/test_iu/project/tbd/assets/lookdev/char/ch_cave_hacker_wm/ch_cave_hacker_wm_lo.pngNone
//home/crystal/Desktop/test_iu/project/tbd/assets/lookdev/char/ch_cave_hacker_wm/Thumbs.dbNone
//home/crystal/Desktop/test_iu/project/tbd/assets/lookdev/char/ch_cave_wmo/ch_cave_wmo_md.pngNone
//home/crystal/Desktop/test_iu/project/tbd/assets/lookdev/char/ch_cave_wmo/Thumbs.dbNone
[Errno 17] File exists: '//home/crystal/Desktop/project_test/tbd/char/ch_cave_wmo/md'
[]
[Errno 17] File exists: '//home/crystal/Desktop/project_test/tbd/env/en_2cliff/ph'
[]
[Errno 17] File exists: '//home/crystal/Desktop/project_test/tbd/env/en_2cliff/xhi'
[]
[Errno 17] File exists: '//home/crystal/Desktop/project_test/tbd/prop/pr_arrow/md'
['//home/crystal/Desktop/test_iu/project/tbd/assets/lookdev/prop/pr_arrow/md/shader/pr_arrow_v01.ma', '//home/crystal/Desktop/test_iu/project/tbd/assets/lookdev/prop/pr_arrow/md/shader/pr_arrow_v02.ma', '//home/crystal/Desktop/test_iu/project/tbd/assets/lookdev/prop/pr_arrow/md/shader/pr_arrow_v01.xml', '//home/crystal/Desktop/test_iu/project/tbd/assets/lookdev/prop/pr_arrow/md/shader/pr_arrow_v02.xml']
//home/crystal/Desktop/test_iu/project/tbd/assets/rigging/char/ch_cave_wmo/ch_cave_wmo_md.png=>None
//home/crystal/Desktop/test_iu/project/tbd/assets/rigging/char/ch_cave_wmo/Thumbs.db=>None
=========2017-09-05 18:55:54.881751=========
tbd
folder exists
[Errno 17] File exists: '//home/crystal/Desktop/project_test/tbd/char/ch_2wmo/md'
['//home/crystal/Desktop/test_iu/project/tbd/assets/lookdev/char/ch_2wmo/md/shader/ch_2wmo_v02.ma', '//home/crystal/Desktop/test_iu/project/tbd/assets/lookdev/char/ch_2wmo/md/shader/ch_2wmo_v03.ma', '//home/crystal/Desktop/test_iu/project/tbd/assets/lookdev/char/ch_2wmo/md/shader/ch_2wmo_v04.ma', '//home/crystal/Desktop/test_iu/project/tbd/assets/lookdev/char/ch_2wmo/md/shader/ch_2wmo_v01.ma', '//home/crystal/Desktop/test_iu/project/tbd/assets/lookdev/char/ch_2wmo/md/shader/ch_2wmo_v02.xml', '//home/crystal/Desktop/test_iu/project/tbd/assets/lookdev/char/ch_2wmo/md/shader/ch_2wmo_v03.xml', '//home/crystal/Desktop/test_iu/project/tbd/assets/lookdev/char/ch_2wmo/md/shader/ch_2wmo_v04.xml', '//home/crystal/Desktop/test_iu/project/tbd/assets/lookdev/char/ch_2wmo/md/shader/ch_2wmo_v01.xml']
[Errno 17] File exists: '//home/crystal/Desktop/project_test/tbd/char/ch_2wmo/lo'
['//home/crystal/Desktop/test_iu/project/tbd/assets/lookdev/char/ch_2wmo/lo/shader/ch_2wmo_v02.ma', '//home/crystal/Desktop/test_iu/project/tbd/assets/lookdev/char/ch_2wmo/lo/shader/ch_2wmo_v03.ma', '//home/crystal/Desktop/test_iu/project/tbd/assets/lookdev/char/ch_2wmo/lo/shader/ch_2wmo_v04.ma', '//home/crystal/Desktop/test_iu/project/tbd/assets/lookdev/char/ch_2wmo/lo/shader/ch_2wmo_v01.ma', '//home/crystal/Desktop/test_iu/project/tbd/assets/lookdev/char/ch_2wmo/lo/shader/ch_2wmo_v02.xml', '//home/crystal/Desktop/test_iu/project/tbd/assets/lookdev/char/ch_2wmo/lo/shader/ch_2wmo_v03.xml', '//home/crystal/Desktop/test_iu/project/tbd/assets/lookdev/char/ch_2wmo/lo/shader/ch_2wmo_v04.xml', '//home/crystal/Desktop/test_iu/project/tbd/assets/lookdev/char/ch_2wmo/lo/shader/ch_2wmo_v01.xml']
//home/crystal/Desktop/test_iu/project/tbd/assets/lookdev/char/ch_2wmo/ch_2wmo_md.pngNone
//home/crystal/Desktop/test_iu/project/tbd/assets/lookdev/char/ch_2wmo/Thumbs.dbNone
//home/crystal/Desktop/test_iu/project/tbd/assets/lookdev/char/ch_2yz/ch_2yz_lo.pngNone
//home/crystal/Desktop/test_iu/project/tbd/assets/lookdev/char/ch_2yz/Thumbs.dbNone
//home/crystal/Desktop/test_iu/project/tbd/assets/lookdev/char/ch_2yz/ch_2yz_md.pngNone
[Errno 17] File exists: '//home/crystal/Desktop/project_test/tbd/char/ch_2yz/md'
['//home/crystal/Desktop/test_iu/project/tbd/assets/lookdev/char/ch_2yz/md/shader/ch_2yz_v01.ma', '//home/crystal/Desktop/test_iu/project/tbd/assets/lookdev/char/ch_2yz/md/shader/ch_2yz_v02.ma', '//home/crystal/Desktop/test_iu/project/tbd/assets/lookdev/char/ch_2yz/md/shader/ch_2yz_v03.ma', '//home/crystal/Desktop/test_iu/project/tbd/assets/lookdev/char/ch_2yz/md/shader/ch_2yz_v04.ma', '//home/crystal/Desktop/test_iu/project/tbd/assets/lookdev/char/ch_2yz/md/shader/ch_2yz_v05.ma', '//home/crystal/Desktop/test_iu/project/tbd/assets/lookdev/char/ch_2yz/md/shader/ch_2yz_v01.xml', '//home/crystal/Desktop/test_iu/project/tbd/assets/lookdev/char/ch_2yz/md/shader/ch_2yz_v02.xml', '//home/crystal/Desktop/test_iu/project/tbd/assets/lookdev/char/ch_2yz/md/shader/ch_2yz_v03.xml', '//home/crystal/Desktop/test_iu/project/tbd/assets/lookdev/char/ch_2yz/md/shader/ch_2yz_v04.xml', '//home/crystal/Desktop/test_iu/project/tbd/assets/lookdev/char/ch_2yz/md/shader/ch_2yz_v05.xml']
[Errno 17] File exists: '//home/crystal/Desktop/project_test/tbd/char/ch_2yz/lo'
['//home/crystal/Desktop/test_iu/project/tbd/assets/lookdev/char/ch_2yz/lo/shader/ch_2yz_v02.ma', '//home/crystal/Desktop/test_iu/project/tbd/assets/lookdev/char/ch_2yz/lo/shader/ch_2yz_v03.ma', '//home/crystal/Desktop/test_iu/project/tbd/assets/lookdev/char/ch_2yz/lo/shader/ch_2yz_v04.ma', '//home/crystal/Desktop/test_iu/project/tbd/assets/lookdev/char/ch_2yz/lo/shader/ch_2yz_v01.ma', '//home/crystal/Desktop/test_iu/project/tbd/assets/lookdev/char/ch_2yz/lo/shader/ch_2yz_v01.xml', '//home/crystal/Desktop/test_iu/project/tbd/assets/lookdev/char/ch_2yz/lo/shader/ch_2yz_v02.xml', '//home/crystal/Desktop/test_iu/project/tbd/assets/lookdev/char/ch_2yz/lo/shader/ch_2yz_v03.xml', '//home/crystal/Desktop/test_iu/project/tbd/assets/lookdev/char/ch_2yz/lo/shader/ch_2yz_v04.xml']
[Errno 17] File exists: '//home/crystal/Desktop/project_test/tbd/char/ch_3wc/md'
['//home/crystal/Desktop/test_iu/project/tbd/assets/lookdev/char/ch_3wc/md/shader/ch_3wc_v01.ma', '//home/crystal/Desktop/test_iu/project/tbd/assets/lookdev/char/ch_3wc/md/shader/ch_3wc_v02.ma', '//home/crystal/Desktop/test_iu/project/tbd/assets/lookdev/char/ch_3wc/md/shader/ch_3wc_v01.xml', '//home/crystal/Desktop/test_iu/project/tbd/assets/lookdev/char/ch_3wc/md/shader/ch_3wc_v02.xml']
//home/crystal/Desktop/test_iu/project/tbd/assets/lookdev/char/ch_3wc/ch_3wc_md.pngNone
//home/crystal/Desktop/test_iu/project/tbd/assets/lookdev/char/ch_3wc/Thumbs.dbNone
[Errno 17] File exists: '//home/crystal/Desktop/project_test/tbd/char/ch_3wmo/md'
[]
//home/crystal/Desktop/test_iu/project/tbd/assets/lookdev/char/ch_3wmo/ch_3wmo_md.pngNone
//home/crystal/Desktop/test_iu/project/tbd/assets/lookdev/char/ch_3wmo/Thumbs.dbNone
//home/crystal/Desktop/test_iu/project/tbd/assets/lookdev/char/ch_cave_hacker_m/ch_cave_hacker_m_lo.pngNone
//home/crystal/Desktop/test_iu/project/tbd/assets/lookdev/char/ch_cave_hacker_m/Thumbs.dbNone
[Errno 17] File exists: '//home/crystal/Desktop/project_test/tbd/char/ch_cave_hacker_m/lo'
['//home/crystal/Desktop/test_iu/project/tbd/assets/lookdev/char/ch_cave_hacker_m/lo/shader/ch_cave_hacker_m_v01.ma', '//home/crystal/Desktop/test_iu/project/tbd/assets/lookdev/char/ch_cave_hacker_m/lo/shader/ch_cave_hacker_m_v01.xml']
[Errno 17] File exists: '//home/crystal/Desktop/project_test/tbd/char/ch_cave_hacker_wm/md'
[]
//home/crystal/Desktop/test_iu/project/tbd/assets/lookdev/char/ch_cave_hacker_wm/ch_cave_hacker_wm_md.pngNone
[Errno 17] File exists: '//home/crystal/Desktop/project_test/tbd/char/ch_cave_hacker_wm/lo'
[]
//home/crystal/Desktop/test_iu/project/tbd/assets/lookdev/char/ch_cave_hacker_wm/ch_cave_hacker_wm_lo.pngNone
//home/crystal/Desktop/test_iu/project/tbd/assets/lookdev/char/ch_cave_hacker_wm/Thumbs.dbNone
//home/crystal/Desktop/test_iu/project/tbd/assets/lookdev/char/ch_cave_wmo/ch_cave_wmo_md.pngNone
//home/crystal/Desktop/test_iu/project/tbd/assets/lookdev/char/ch_cave_wmo/Thumbs.dbNone
[Errno 17] File exists: '//home/crystal/Desktop/project_test/tbd/char/ch_cave_wmo/md'
[]
[Errno 17] File exists: '//home/crystal/Desktop/project_test/tbd/env/en_2cliff/ph'
[]
[Errno 17] File exists: '//home/crystal/Desktop/project_test/tbd/env/en_2cliff/xhi'
[]
[Errno 17] File exists: '//home/crystal/Desktop/project_test/tbd/prop/pr_arrow/md'
['//home/crystal/Desktop/test_iu/project/tbd/assets/lookdev/prop/pr_arrow/md/shader/pr_arrow_v01.ma', '//home/crystal/Desktop/test_iu/project/tbd/assets/lookdev/prop/pr_arrow/md/shader/pr_arrow_v02.ma', '//home/crystal/Desktop/test_iu/project/tbd/assets/lookdev/prop/pr_arrow/md/shader/pr_arrow_v01.xml', '//home/crystal/Desktop/test_iu/project/tbd/assets/lookdev/prop/pr_arrow/md/shader/pr_arrow_v02.xml']
//home/crystal/Desktop/test_iu/project/tbd/assets/rigging/char/ch_cave_wmo/ch_cave_wmo_md.png=>None
//home/crystal/Desktop/test_iu/project/tbd/assets/rigging/char/ch_cave_wmo/Thumbs.db=>None
//home/crystal/Desktop/test_iu/project/tbd/assets/texture/char/ch_cave_wmo/ch_cave_wmo_md.png=>None
//home/crystal/Desktop/test_iu/project/tbd/assets/texture/char/ch_cave_wmo/Thumbs.db=>None
[Errno 2] No such file or directory: '//home/crystal/Desktop/project_test/tbd/prop/pr_horse_flag_a/md/texture/tex/pr_horse_flag_a_md_all_t_bump_1001.tif'
=========2017-09-05 18:58:47.818500=========
tbd
['//home/crystal/Desktop/test_iu/project/tbd/assets/lookdev/char/ch_2wmo/md/shader/ch_2wmo_v02.ma', '//home/crystal/Desktop/test_iu/project/tbd/assets/lookdev/char/ch_2wmo/md/shader/ch_2wmo_v03.ma', '//home/crystal/Desktop/test_iu/project/tbd/assets/lookdev/char/ch_2wmo/md/shader/ch_2wmo_v04.ma', '//home/crystal/Desktop/test_iu/project/tbd/assets/lookdev/char/ch_2wmo/md/shader/ch_2wmo_v01.ma', '//home/crystal/Desktop/test_iu/project/tbd/assets/lookdev/char/ch_2wmo/md/shader/ch_2wmo_v02.xml', '//home/crystal/Desktop/test_iu/project/tbd/assets/lookdev/char/ch_2wmo/md/shader/ch_2wmo_v03.xml', '//home/crystal/Desktop/test_iu/project/tbd/assets/lookdev/char/ch_2wmo/md/shader/ch_2wmo_v04.xml', '//home/crystal/Desktop/test_iu/project/tbd/assets/lookdev/char/ch_2wmo/md/shader/ch_2wmo_v01.xml']
['//home/crystal/Desktop/test_iu/project/tbd/assets/lookdev/char/ch_2wmo/lo/shader/ch_2wmo_v02.ma', '//home/crystal/Desktop/test_iu/project/tbd/assets/lookdev/char/ch_2wmo/lo/shader/ch_2wmo_v03.ma', '//home/crystal/Desktop/test_iu/project/tbd/assets/lookdev/char/ch_2wmo/lo/shader/ch_2wmo_v04.ma', '//home/crystal/Desktop/test_iu/project/tbd/assets/lookdev/char/ch_2wmo/lo/shader/ch_2wmo_v01.ma', '//home/crystal/Desktop/test_iu/project/tbd/assets/lookdev/char/ch_2wmo/lo/shader/ch_2wmo_v02.xml', '//home/crystal/Desktop/test_iu/project/tbd/assets/lookdev/char/ch_2wmo/lo/shader/ch_2wmo_v03.xml', '//home/crystal/Desktop/test_iu/project/tbd/assets/lookdev/char/ch_2wmo/lo/shader/ch_2wmo_v04.xml', '//home/crystal/Desktop/test_iu/project/tbd/assets/lookdev/char/ch_2wmo/lo/shader/ch_2wmo_v01.xml']
//home/crystal/Desktop/test_iu/project/tbd/assets/lookdev/char/ch_2wmo/ch_2wmo_md.pngNone
//home/crystal/Desktop/test_iu/project/tbd/assets/lookdev/char/ch_2wmo/Thumbs.dbNone
//home/crystal/Desktop/test_iu/project/tbd/assets/lookdev/char/ch_2yz/ch_2yz_lo.pngNone
//home/crystal/Desktop/test_iu/project/tbd/assets/lookdev/char/ch_2yz/Thumbs.dbNone
//home/crystal/Desktop/test_iu/project/tbd/assets/lookdev/char/ch_2yz/ch_2yz_md.pngNone
['//home/crystal/Desktop/test_iu/project/tbd/assets/lookdev/char/ch_2yz/md/shader/ch_2yz_v01.ma', '//home/crystal/Desktop/test_iu/project/tbd/assets/lookdev/char/ch_2yz/md/shader/ch_2yz_v02.ma', '//home/crystal/Desktop/test_iu/project/tbd/assets/lookdev/char/ch_2yz/md/shader/ch_2yz_v03.ma', '//home/crystal/Desktop/test_iu/project/tbd/assets/lookdev/char/ch_2yz/md/shader/ch_2yz_v04.ma', '//home/crystal/Desktop/test_iu/project/tbd/assets/lookdev/char/ch_2yz/md/shader/ch_2yz_v05.ma', '//home/crystal/Desktop/test_iu/project/tbd/assets/lookdev/char/ch_2yz/md/shader/ch_2yz_v01.xml', '//home/crystal/Desktop/test_iu/project/tbd/assets/lookdev/char/ch_2yz/md/shader/ch_2yz_v02.xml', '//home/crystal/Desktop/test_iu/project/tbd/assets/lookdev/char/ch_2yz/md/shader/ch_2yz_v03.xml', '//home/crystal/Desktop/test_iu/project/tbd/assets/lookdev/char/ch_2yz/md/shader/ch_2yz_v04.xml', '//home/crystal/Desktop/test_iu/project/tbd/assets/lookdev/char/ch_2yz/md/shader/ch_2yz_v05.xml']
['//home/crystal/Desktop/test_iu/project/tbd/assets/lookdev/char/ch_2yz/lo/shader/ch_2yz_v02.ma', '//home/crystal/Desktop/test_iu/project/tbd/assets/lookdev/char/ch_2yz/lo/shader/ch_2yz_v03.ma', '//home/crystal/Desktop/test_iu/project/tbd/assets/lookdev/char/ch_2yz/lo/shader/ch_2yz_v04.ma', '//home/crystal/Desktop/test_iu/project/tbd/assets/lookdev/char/ch_2yz/lo/shader/ch_2yz_v01.ma', '//home/crystal/Desktop/test_iu/project/tbd/assets/lookdev/char/ch_2yz/lo/shader/ch_2yz_v01.xml', '//home/crystal/Desktop/test_iu/project/tbd/assets/lookdev/char/ch_2yz/lo/shader/ch_2yz_v02.xml', '//home/crystal/Desktop/test_iu/project/tbd/assets/lookdev/char/ch_2yz/lo/shader/ch_2yz_v03.xml', '//home/crystal/Desktop/test_iu/project/tbd/assets/lookdev/char/ch_2yz/lo/shader/ch_2yz_v04.xml']
['//home/crystal/Desktop/test_iu/project/tbd/assets/lookdev/char/ch_3wc/md/shader/ch_3wc_v01.ma', '//home/crystal/Desktop/test_iu/project/tbd/assets/lookdev/char/ch_3wc/md/shader/ch_3wc_v02.ma', '//home/crystal/Desktop/test_iu/project/tbd/assets/lookdev/char/ch_3wc/md/shader/ch_3wc_v01.xml', '//home/crystal/Desktop/test_iu/project/tbd/assets/lookdev/char/ch_3wc/md/shader/ch_3wc_v02.xml']
//home/crystal/Desktop/test_iu/project/tbd/assets/lookdev/char/ch_3wc/ch_3wc_md.pngNone
//home/crystal/Desktop/test_iu/project/tbd/assets/lookdev/char/ch_3wc/Thumbs.dbNone
[]
//home/crystal/Desktop/test_iu/project/tbd/assets/lookdev/char/ch_3wmo/ch_3wmo_md.pngNone
//home/crystal/Desktop/test_iu/project/tbd/assets/lookdev/char/ch_3wmo/Thumbs.dbNone
//home/crystal/Desktop/test_iu/project/tbd/assets/lookdev/char/ch_cave_hacker_m/ch_cave_hacker_m_lo.pngNone
//home/crystal/Desktop/test_iu/project/tbd/assets/lookdev/char/ch_cave_hacker_m/Thumbs.dbNone
['//home/crystal/Desktop/test_iu/project/tbd/assets/lookdev/char/ch_cave_hacker_m/lo/shader/ch_cave_hacker_m_v01.ma', '//home/crystal/Desktop/test_iu/project/tbd/assets/lookdev/char/ch_cave_hacker_m/lo/shader/ch_cave_hacker_m_v01.xml']
[]
//home/crystal/Desktop/test_iu/project/tbd/assets/lookdev/char/ch_cave_hacker_wm/ch_cave_hacker_wm_md.pngNone
[]
//home/crystal/Desktop/test_iu/project/tbd/assets/lookdev/char/ch_cave_hacker_wm/ch_cave_hacker_wm_lo.pngNone
//home/crystal/Desktop/test_iu/project/tbd/assets/lookdev/char/ch_cave_hacker_wm/Thumbs.dbNone
//home/crystal/Desktop/test_iu/project/tbd/assets/lookdev/char/ch_cave_wmo/ch_cave_wmo_md.pngNone
//home/crystal/Desktop/test_iu/project/tbd/assets/lookdev/char/ch_cave_wmo/Thumbs.dbNone
[]
[]
[]
['//home/crystal/Desktop/test_iu/project/tbd/assets/lookdev/prop/pr_arrow/md/shader/pr_arrow_v01.ma', '//home/crystal/Desktop/test_iu/project/tbd/assets/lookdev/prop/pr_arrow/md/shader/pr_arrow_v02.ma', '//home/crystal/Desktop/test_iu/project/tbd/assets/lookdev/prop/pr_arrow/md/shader/pr_arrow_v01.xml', '//home/crystal/Desktop/test_iu/project/tbd/assets/lookdev/prop/pr_arrow/md/shader/pr_arrow_v02.xml']
//home/crystal/Desktop/test_iu/project/tbd/assets/rigging/char/ch_cave_wmo/ch_cave_wmo_md.png=>None
//home/crystal/Desktop/test_iu/project/tbd/assets/rigging/char/ch_cave_wmo/Thumbs.db=>None
=========2017-09-05 19:01:34.682588=========
tbd
['//home/crystal/Desktop/test_iu/project/tbd/assets/lookdev/char/ch_2wmo/md/shader/ch_2wmo_v02.ma', '//home/crystal/Desktop/test_iu/project/tbd/assets/lookdev/char/ch_2wmo/md/shader/ch_2wmo_v03.ma', '//home/crystal/Desktop/test_iu/project/tbd/assets/lookdev/char/ch_2wmo/md/shader/ch_2wmo_v04.ma', '//home/crystal/Desktop/test_iu/project/tbd/assets/lookdev/char/ch_2wmo/md/shader/ch_2wmo_v01.ma', '//home/crystal/Desktop/test_iu/project/tbd/assets/lookdev/char/ch_2wmo/md/shader/ch_2wmo_v02.xml', '//home/crystal/Desktop/test_iu/project/tbd/assets/lookdev/char/ch_2wmo/md/shader/ch_2wmo_v03.xml', '//home/crystal/Desktop/test_iu/project/tbd/assets/lookdev/char/ch_2wmo/md/shader/ch_2wmo_v04.xml', '//home/crystal/Desktop/test_iu/project/tbd/assets/lookdev/char/ch_2wmo/md/shader/ch_2wmo_v01.xml']
['//home/crystal/Desktop/test_iu/project/tbd/assets/lookdev/char/ch_2wmo/lo/shader/ch_2wmo_v02.ma', '//home/crystal/Desktop/test_iu/project/tbd/assets/lookdev/char/ch_2wmo/lo/shader/ch_2wmo_v03.ma', '//home/crystal/Desktop/test_iu/project/tbd/assets/lookdev/char/ch_2wmo/lo/shader/ch_2wmo_v04.ma', '//home/crystal/Desktop/test_iu/project/tbd/assets/lookdev/char/ch_2wmo/lo/shader/ch_2wmo_v01.ma', '//home/crystal/Desktop/test_iu/project/tbd/assets/lookdev/char/ch_2wmo/lo/shader/ch_2wmo_v02.xml', '//home/crystal/Desktop/test_iu/project/tbd/assets/lookdev/char/ch_2wmo/lo/shader/ch_2wmo_v03.xml', '//home/crystal/Desktop/test_iu/project/tbd/assets/lookdev/char/ch_2wmo/lo/shader/ch_2wmo_v04.xml', '//home/crystal/Desktop/test_iu/project/tbd/assets/lookdev/char/ch_2wmo/lo/shader/ch_2wmo_v01.xml']
//home/crystal/Desktop/test_iu/project/tbd/assets/lookdev/char/ch_2wmo/ch_2wmo_md.pngNone
//home/crystal/Desktop/test_iu/project/tbd/assets/lookdev/char/ch_2wmo/Thumbs.dbNone
//home/crystal/Desktop/test_iu/project/tbd/assets/lookdev/char/ch_2yz/ch_2yz_lo.pngNone
//home/crystal/Desktop/test_iu/project/tbd/assets/lookdev/char/ch_2yz/Thumbs.dbNone
//home/crystal/Desktop/test_iu/project/tbd/assets/lookdev/char/ch_2yz/ch_2yz_md.pngNone
['//home/crystal/Desktop/test_iu/project/tbd/assets/lookdev/char/ch_2yz/md/shader/ch_2yz_v01.ma', '//home/crystal/Desktop/test_iu/project/tbd/assets/lookdev/char/ch_2yz/md/shader/ch_2yz_v02.ma', '//home/crystal/Desktop/test_iu/project/tbd/assets/lookdev/char/ch_2yz/md/shader/ch_2yz_v03.ma', '//home/crystal/Desktop/test_iu/project/tbd/assets/lookdev/char/ch_2yz/md/shader/ch_2yz_v04.ma', '//home/crystal/Desktop/test_iu/project/tbd/assets/lookdev/char/ch_2yz/md/shader/ch_2yz_v05.ma', '//home/crystal/Desktop/test_iu/project/tbd/assets/lookdev/char/ch_2yz/md/shader/ch_2yz_v01.xml', '//home/crystal/Desktop/test_iu/project/tbd/assets/lookdev/char/ch_2yz/md/shader/ch_2yz_v02.xml', '//home/crystal/Desktop/test_iu/project/tbd/assets/lookdev/char/ch_2yz/md/shader/ch_2yz_v03.xml', '//home/crystal/Desktop/test_iu/project/tbd/assets/lookdev/char/ch_2yz/md/shader/ch_2yz_v04.xml', '//home/crystal/Desktop/test_iu/project/tbd/assets/lookdev/char/ch_2yz/md/shader/ch_2yz_v05.xml']
['//home/crystal/Desktop/test_iu/project/tbd/assets/lookdev/char/ch_2yz/lo/shader/ch_2yz_v02.ma', '//home/crystal/Desktop/test_iu/project/tbd/assets/lookdev/char/ch_2yz/lo/shader/ch_2yz_v03.ma', '//home/crystal/Desktop/test_iu/project/tbd/assets/lookdev/char/ch_2yz/lo/shader/ch_2yz_v04.ma', '//home/crystal/Desktop/test_iu/project/tbd/assets/lookdev/char/ch_2yz/lo/shader/ch_2yz_v01.ma', '//home/crystal/Desktop/test_iu/project/tbd/assets/lookdev/char/ch_2yz/lo/shader/ch_2yz_v01.xml', '//home/crystal/Desktop/test_iu/project/tbd/assets/lookdev/char/ch_2yz/lo/shader/ch_2yz_v02.xml', '//home/crystal/Desktop/test_iu/project/tbd/assets/lookdev/char/ch_2yz/lo/shader/ch_2yz_v03.xml', '//home/crystal/Desktop/test_iu/project/tbd/assets/lookdev/char/ch_2yz/lo/shader/ch_2yz_v04.xml']
['//home/crystal/Desktop/test_iu/project/tbd/assets/lookdev/char/ch_3wc/md/shader/ch_3wc_v01.ma', '//home/crystal/Desktop/test_iu/project/tbd/assets/lookdev/char/ch_3wc/md/shader/ch_3wc_v02.ma', '//home/crystal/Desktop/test_iu/project/tbd/assets/lookdev/char/ch_3wc/md/shader/ch_3wc_v01.xml', '//home/crystal/Desktop/test_iu/project/tbd/assets/lookdev/char/ch_3wc/md/shader/ch_3wc_v02.xml']
//home/crystal/Desktop/test_iu/project/tbd/assets/lookdev/char/ch_3wc/ch_3wc_md.pngNone
//home/crystal/Desktop/test_iu/project/tbd/assets/lookdev/char/ch_3wc/Thumbs.dbNone
[]
//home/crystal/Desktop/test_iu/project/tbd/assets/lookdev/char/ch_3wmo/ch_3wmo_md.pngNone
//home/crystal/Desktop/test_iu/project/tbd/assets/lookdev/char/ch_3wmo/Thumbs.dbNone
//home/crystal/Desktop/test_iu/project/tbd/assets/lookdev/char/ch_cave_hacker_m/ch_cave_hacker_m_lo.pngNone
//home/crystal/Desktop/test_iu/project/tbd/assets/lookdev/char/ch_cave_hacker_m/Thumbs.dbNone
['//home/crystal/Desktop/test_iu/project/tbd/assets/lookdev/char/ch_cave_hacker_m/lo/shader/ch_cave_hacker_m_v01.ma', '//home/crystal/Desktop/test_iu/project/tbd/assets/lookdev/char/ch_cave_hacker_m/lo/shader/ch_cave_hacker_m_v01.xml']
[]
//home/crystal/Desktop/test_iu/project/tbd/assets/lookdev/char/ch_cave_hacker_wm/ch_cave_hacker_wm_md.pngNone
[]
//home/crystal/Desktop/test_iu/project/tbd/assets/lookdev/char/ch_cave_hacker_wm/ch_cave_hacker_wm_lo.pngNone
//home/crystal/Desktop/test_iu/project/tbd/assets/lookdev/char/ch_cave_hacker_wm/Thumbs.dbNone
//home/crystal/Desktop/test_iu/project/tbd/assets/lookdev/char/ch_cave_wmo/ch_cave_wmo_md.pngNone
//home/crystal/Desktop/test_iu/project/tbd/assets/lookdev/char/ch_cave_wmo/Thumbs.dbNone
[]
[]
[]
['//home/crystal/Desktop/test_iu/project/tbd/assets/lookdev/prop/pr_arrow/md/shader/pr_arrow_v01.ma', '//home/crystal/Desktop/test_iu/project/tbd/assets/lookdev/prop/pr_arrow/md/shader/pr_arrow_v02.ma', '//home/crystal/Desktop/test_iu/project/tbd/assets/lookdev/prop/pr_arrow/md/shader/pr_arrow_v01.xml', '//home/crystal/Desktop/test_iu/project/tbd/assets/lookdev/prop/pr_arrow/md/shader/pr_arrow_v02.xml']
//home/crystal/Desktop/test_iu/project/tbd/assets/rigging/char/ch_cave_wmo/ch_cave_wmo_md.png=>None
//home/crystal/Desktop/test_iu/project/tbd/assets/rigging/char/ch_cave_wmo/Thumbs.db=>None
//home/crystal/Desktop/test_iu/project/tbd/assets/texture/char/ch_cave_wmo/ch_cave_wmo_md.png=>None
//home/crystal/Desktop/test_iu/project/tbd/assets/texture/char/ch_cave_wmo/Thumbs.db=>None
=========2017-09-05 19:10:04.912254=========
tbd
['//home/crystal/Desktop/test_iu/project/tbd/assets/lookdev/char/ch_2wmo/md/shader/ch_2wmo_v02.ma', '//home/crystal/Desktop/test_iu/project/tbd/assets/lookdev/char/ch_2wmo/md/shader/ch_2wmo_v03.ma', '//home/crystal/Desktop/test_iu/project/tbd/assets/lookdev/char/ch_2wmo/md/shader/ch_2wmo_v04.ma', '//home/crystal/Desktop/test_iu/project/tbd/assets/lookdev/char/ch_2wmo/md/shader/ch_2wmo_v01.ma', '//home/crystal/Desktop/test_iu/project/tbd/assets/lookdev/char/ch_2wmo/md/shader/ch_2wmo_v02.xml', '//home/crystal/Desktop/test_iu/project/tbd/assets/lookdev/char/ch_2wmo/md/shader/ch_2wmo_v03.xml', '//home/crystal/Desktop/test_iu/project/tbd/assets/lookdev/char/ch_2wmo/md/shader/ch_2wmo_v04.xml', '//home/crystal/Desktop/test_iu/project/tbd/assets/lookdev/char/ch_2wmo/md/shader/ch_2wmo_v01.xml']
['//home/crystal/Desktop/test_iu/project/tbd/assets/lookdev/char/ch_2wmo/lo/shader/ch_2wmo_v02.ma', '//home/crystal/Desktop/test_iu/project/tbd/assets/lookdev/char/ch_2wmo/lo/shader/ch_2wmo_v03.ma', '//home/crystal/Desktop/test_iu/project/tbd/assets/lookdev/char/ch_2wmo/lo/shader/ch_2wmo_v04.ma', '//home/crystal/Desktop/test_iu/project/tbd/assets/lookdev/char/ch_2wmo/lo/shader/ch_2wmo_v01.ma', '//home/crystal/Desktop/test_iu/project/tbd/assets/lookdev/char/ch_2wmo/lo/shader/ch_2wmo_v02.xml', '//home/crystal/Desktop/test_iu/project/tbd/assets/lookdev/char/ch_2wmo/lo/shader/ch_2wmo_v03.xml', '//home/crystal/Desktop/test_iu/project/tbd/assets/lookdev/char/ch_2wmo/lo/shader/ch_2wmo_v04.xml', '//home/crystal/Desktop/test_iu/project/tbd/assets/lookdev/char/ch_2wmo/lo/shader/ch_2wmo_v01.xml']
//home/crystal/Desktop/test_iu/project/tbd/assets/lookdev/char/ch_2wmo/ch_2wmo_md.pngNone
//home/crystal/Desktop/test_iu/project/tbd/assets/lookdev/char/ch_2wmo/Thumbs.dbNone
//home/crystal/Desktop/test_iu/project/tbd/assets/lookdev/char/ch_2yz/ch_2yz_lo.pngNone
//home/crystal/Desktop/test_iu/project/tbd/assets/lookdev/char/ch_2yz/Thumbs.dbNone
//home/crystal/Desktop/test_iu/project/tbd/assets/lookdev/char/ch_2yz/ch_2yz_md.pngNone
['//home/crystal/Desktop/test_iu/project/tbd/assets/lookdev/char/ch_2yz/md/shader/ch_2yz_v01.ma', '//home/crystal/Desktop/test_iu/project/tbd/assets/lookdev/char/ch_2yz/md/shader/ch_2yz_v02.ma', '//home/crystal/Desktop/test_iu/project/tbd/assets/lookdev/char/ch_2yz/md/shader/ch_2yz_v03.ma', '//home/crystal/Desktop/test_iu/project/tbd/assets/lookdev/char/ch_2yz/md/shader/ch_2yz_v04.ma', '//home/crystal/Desktop/test_iu/project/tbd/assets/lookdev/char/ch_2yz/md/shader/ch_2yz_v05.ma', '//home/crystal/Desktop/test_iu/project/tbd/assets/lookdev/char/ch_2yz/md/shader/ch_2yz_v01.xml', '//home/crystal/Desktop/test_iu/project/tbd/assets/lookdev/char/ch_2yz/md/shader/ch_2yz_v02.xml', '//home/crystal/Desktop/test_iu/project/tbd/assets/lookdev/char/ch_2yz/md/shader/ch_2yz_v03.xml', '//home/crystal/Desktop/test_iu/project/tbd/assets/lookdev/char/ch_2yz/md/shader/ch_2yz_v04.xml', '//home/crystal/Desktop/test_iu/project/tbd/assets/lookdev/char/ch_2yz/md/shader/ch_2yz_v05.xml']
['//home/crystal/Desktop/test_iu/project/tbd/assets/lookdev/char/ch_2yz/lo/shader/ch_2yz_v02.ma', '//home/crystal/Desktop/test_iu/project/tbd/assets/lookdev/char/ch_2yz/lo/shader/ch_2yz_v03.ma', '//home/crystal/Desktop/test_iu/project/tbd/assets/lookdev/char/ch_2yz/lo/shader/ch_2yz_v04.ma', '//home/crystal/Desktop/test_iu/project/tbd/assets/lookdev/char/ch_2yz/lo/shader/ch_2yz_v01.ma', '//home/crystal/Desktop/test_iu/project/tbd/assets/lookdev/char/ch_2yz/lo/shader/ch_2yz_v01.xml', '//home/crystal/Desktop/test_iu/project/tbd/assets/lookdev/char/ch_2yz/lo/shader/ch_2yz_v02.xml', '//home/crystal/Desktop/test_iu/project/tbd/assets/lookdev/char/ch_2yz/lo/shader/ch_2yz_v03.xml', '//home/crystal/Desktop/test_iu/project/tbd/assets/lookdev/char/ch_2yz/lo/shader/ch_2yz_v04.xml']
['//home/crystal/Desktop/test_iu/project/tbd/assets/lookdev/char/ch_3wc/md/shader/ch_3wc_v01.ma', '//home/crystal/Desktop/test_iu/project/tbd/assets/lookdev/char/ch_3wc/md/shader/ch_3wc_v02.ma', '//home/crystal/Desktop/test_iu/project/tbd/assets/lookdev/char/ch_3wc/md/shader/ch_3wc_v01.xml', '//home/crystal/Desktop/test_iu/project/tbd/assets/lookdev/char/ch_3wc/md/shader/ch_3wc_v02.xml']
//home/crystal/Desktop/test_iu/project/tbd/assets/lookdev/char/ch_3wc/ch_3wc_md.pngNone
//home/crystal/Desktop/test_iu/project/tbd/assets/lookdev/char/ch_3wc/Thumbs.dbNone
[]
//home/crystal/Desktop/test_iu/project/tbd/assets/lookdev/char/ch_3wmo/ch_3wmo_md.pngNone
//home/crystal/Desktop/test_iu/project/tbd/assets/lookdev/char/ch_3wmo/Thumbs.dbNone
//home/crystal/Desktop/test_iu/project/tbd/assets/lookdev/char/ch_cave_hacker_m/ch_cave_hacker_m_lo.pngNone
//home/crystal/Desktop/test_iu/project/tbd/assets/lookdev/char/ch_cave_hacker_m/Thumbs.dbNone
['//home/crystal/Desktop/test_iu/project/tbd/assets/lookdev/char/ch_cave_hacker_m/lo/shader/ch_cave_hacker_m_v01.ma', '//home/crystal/Desktop/test_iu/project/tbd/assets/lookdev/char/ch_cave_hacker_m/lo/shader/ch_cave_hacker_m_v01.xml']
[]
//home/crystal/Desktop/test_iu/project/tbd/assets/lookdev/char/ch_cave_hacker_wm/ch_cave_hacker_wm_md.pngNone
[]
//home/crystal/Desktop/test_iu/project/tbd/assets/lookdev/char/ch_cave_hacker_wm/ch_cave_hacker_wm_lo.pngNone
//home/crystal/Desktop/test_iu/project/tbd/assets/lookdev/char/ch_cave_hacker_wm/Thumbs.dbNone
//home/crystal/Desktop/test_iu/project/tbd/assets/lookdev/char/ch_cave_wmo/ch_cave_wmo_md.pngNone
//home/crystal/Desktop/test_iu/project/tbd/assets/lookdev/char/ch_cave_wmo/Thumbs.dbNone
[]
[]
[]
['//home/crystal/Desktop/test_iu/project/tbd/assets/lookdev/prop/pr_arrow/md/shader/pr_arrow_v01.ma', '//home/crystal/Desktop/test_iu/project/tbd/assets/lookdev/prop/pr_arrow/md/shader/pr_arrow_v02.ma', '//home/crystal/Desktop/test_iu/project/tbd/assets/lookdev/prop/pr_arrow/md/shader/pr_arrow_v01.xml', '//home/crystal/Desktop/test_iu/project/tbd/assets/lookdev/prop/pr_arrow/md/shader/pr_arrow_v02.xml']
max() arg is an empty sequence
//home/crystal/Desktop/test_iu/project/tbd/assets/model
//home/crystal/Desktop/test_iu/project/tbd/assets/rigging/char/ch_cave_wmo/ch_cave_wmo_md.png=>None
//home/crystal/Desktop/test_iu/project/tbd/assets/rigging/char/ch_cave_wmo/Thumbs.db=>None
//home/crystal/Desktop/test_iu/project/tbd/assets/texture/char/ch_cave_wmo/ch_cave_wmo_md.png=>None
//home/crystal/Desktop/test_iu/project/tbd/assets/texture/char/ch_cave_wmo/Thumbs.db=>None
=========2017-09-05 19:19:39.689097=========
tbd
['//home/crystal/Desktop/test_iu/project/tbd/assets/lookdev/char/ch_2wmo/md/shader/ch_2wmo_v02.ma', '//home/crystal/Desktop/test_iu/project/tbd/assets/lookdev/char/ch_2wmo/md/shader/ch_2wmo_v03.ma', '//home/crystal/Desktop/test_iu/project/tbd/assets/lookdev/char/ch_2wmo/md/shader/ch_2wmo_v04.ma', '//home/crystal/Desktop/test_iu/project/tbd/assets/lookdev/char/ch_2wmo/md/shader/ch_2wmo_v01.ma', '//home/crystal/Desktop/test_iu/project/tbd/assets/lookdev/char/ch_2wmo/md/shader/ch_2wmo_v02.xml', '//home/crystal/Desktop/test_iu/project/tbd/assets/lookdev/char/ch_2wmo/md/shader/ch_2wmo_v03.xml', '//home/crystal/Desktop/test_iu/project/tbd/assets/lookdev/char/ch_2wmo/md/shader/ch_2wmo_v04.xml', '//home/crystal/Desktop/test_iu/project/tbd/assets/lookdev/char/ch_2wmo/md/shader/ch_2wmo_v01.xml']
['//home/crystal/Desktop/test_iu/project/tbd/assets/lookdev/char/ch_2wmo/lo/shader/ch_2wmo_v02.ma', '//home/crystal/Desktop/test_iu/project/tbd/assets/lookdev/char/ch_2wmo/lo/shader/ch_2wmo_v03.ma', '//home/crystal/Desktop/test_iu/project/tbd/assets/lookdev/char/ch_2wmo/lo/shader/ch_2wmo_v04.ma', '//home/crystal/Desktop/test_iu/project/tbd/assets/lookdev/char/ch_2wmo/lo/shader/ch_2wmo_v01.ma', '//home/crystal/Desktop/test_iu/project/tbd/assets/lookdev/char/ch_2wmo/lo/shader/ch_2wmo_v02.xml', '//home/crystal/Desktop/test_iu/project/tbd/assets/lookdev/char/ch_2wmo/lo/shader/ch_2wmo_v03.xml', '//home/crystal/Desktop/test_iu/project/tbd/assets/lookdev/char/ch_2wmo/lo/shader/ch_2wmo_v04.xml', '//home/crystal/Desktop/test_iu/project/tbd/assets/lookdev/char/ch_2wmo/lo/shader/ch_2wmo_v01.xml']
//home/crystal/Desktop/test_iu/project/tbd/assets/lookdev/char/ch_2wmo/ch_2wmo_md.pngNone
//home/crystal/Desktop/test_iu/project/tbd/assets/lookdev/char/ch_2wmo/Thumbs.dbNone
//home/crystal/Desktop/test_iu/project/tbd/assets/lookdev/char/ch_2yz/ch_2yz_lo.pngNone
//home/crystal/Desktop/test_iu/project/tbd/assets/lookdev/char/ch_2yz/Thumbs.dbNone
//home/crystal/Desktop/test_iu/project/tbd/assets/lookdev/char/ch_2yz/ch_2yz_md.pngNone
['//home/crystal/Desktop/test_iu/project/tbd/assets/lookdev/char/ch_2yz/md/shader/ch_2yz_v01.ma', '//home/crystal/Desktop/test_iu/project/tbd/assets/lookdev/char/ch_2yz/md/shader/ch_2yz_v02.ma', '//home/crystal/Desktop/test_iu/project/tbd/assets/lookdev/char/ch_2yz/md/shader/ch_2yz_v03.ma', '//home/crystal/Desktop/test_iu/project/tbd/assets/lookdev/char/ch_2yz/md/shader/ch_2yz_v04.ma', '//home/crystal/Desktop/test_iu/project/tbd/assets/lookdev/char/ch_2yz/md/shader/ch_2yz_v05.ma', '//home/crystal/Desktop/test_iu/project/tbd/assets/lookdev/char/ch_2yz/md/shader/ch_2yz_v01.xml', '//home/crystal/Desktop/test_iu/project/tbd/assets/lookdev/char/ch_2yz/md/shader/ch_2yz_v02.xml', '//home/crystal/Desktop/test_iu/project/tbd/assets/lookdev/char/ch_2yz/md/shader/ch_2yz_v03.xml', '//home/crystal/Desktop/test_iu/project/tbd/assets/lookdev/char/ch_2yz/md/shader/ch_2yz_v04.xml', '//home/crystal/Desktop/test_iu/project/tbd/assets/lookdev/char/ch_2yz/md/shader/ch_2yz_v05.xml']
['//home/crystal/Desktop/test_iu/project/tbd/assets/lookdev/char/ch_2yz/lo/shader/ch_2yz_v02.ma', '//home/crystal/Desktop/test_iu/project/tbd/assets/lookdev/char/ch_2yz/lo/shader/ch_2yz_v03.ma', '//home/crystal/Desktop/test_iu/project/tbd/assets/lookdev/char/ch_2yz/lo/shader/ch_2yz_v04.ma', '//home/crystal/Desktop/test_iu/project/tbd/assets/lookdev/char/ch_2yz/lo/shader/ch_2yz_v01.ma', '//home/crystal/Desktop/test_iu/project/tbd/assets/lookdev/char/ch_2yz/lo/shader/ch_2yz_v01.xml', '//home/crystal/Desktop/test_iu/project/tbd/assets/lookdev/char/ch_2yz/lo/shader/ch_2yz_v02.xml', '//home/crystal/Desktop/test_iu/project/tbd/assets/lookdev/char/ch_2yz/lo/shader/ch_2yz_v03.xml', '//home/crystal/Desktop/test_iu/project/tbd/assets/lookdev/char/ch_2yz/lo/shader/ch_2yz_v04.xml']
['//home/crystal/Desktop/test_iu/project/tbd/assets/lookdev/char/ch_3wc/md/shader/ch_3wc_v01.ma', '//home/crystal/Desktop/test_iu/project/tbd/assets/lookdev/char/ch_3wc/md/shader/ch_3wc_v02.ma', '//home/crystal/Desktop/test_iu/project/tbd/assets/lookdev/char/ch_3wc/md/shader/ch_3wc_v01.xml', '//home/crystal/Desktop/test_iu/project/tbd/assets/lookdev/char/ch_3wc/md/shader/ch_3wc_v02.xml']
//home/crystal/Desktop/test_iu/project/tbd/assets/lookdev/char/ch_3wc/ch_3wc_md.pngNone
//home/crystal/Desktop/test_iu/project/tbd/assets/lookdev/char/ch_3wc/Thumbs.dbNone
[]
//home/crystal/Desktop/test_iu/project/tbd/assets/lookdev/char/ch_3wmo/ch_3wmo_md.pngNone
//home/crystal/Desktop/test_iu/project/tbd/assets/lookdev/char/ch_3wmo/Thumbs.dbNone
//home/crystal/Desktop/test_iu/project/tbd/assets/lookdev/char/ch_cave_hacker_m/ch_cave_hacker_m_lo.pngNone
//home/crystal/Desktop/test_iu/project/tbd/assets/lookdev/char/ch_cave_hacker_m/Thumbs.dbNone
['//home/crystal/Desktop/test_iu/project/tbd/assets/lookdev/char/ch_cave_hacker_m/lo/shader/ch_cave_hacker_m_v01.ma', '//home/crystal/Desktop/test_iu/project/tbd/assets/lookdev/char/ch_cave_hacker_m/lo/shader/ch_cave_hacker_m_v01.xml']
[]
//home/crystal/Desktop/test_iu/project/tbd/assets/lookdev/char/ch_cave_hacker_wm/ch_cave_hacker_wm_md.pngNone
[]
//home/crystal/Desktop/test_iu/project/tbd/assets/lookdev/char/ch_cave_hacker_wm/ch_cave_hacker_wm_lo.pngNone
//home/crystal/Desktop/test_iu/project/tbd/assets/lookdev/char/ch_cave_hacker_wm/Thumbs.dbNone
//home/crystal/Desktop/test_iu/project/tbd/assets/lookdev/char/ch_cave_wmo/ch_cave_wmo_md.pngNone
//home/crystal/Desktop/test_iu/project/tbd/assets/lookdev/char/ch_cave_wmo/Thumbs.dbNone
[]
[]
[]
['//home/crystal/Desktop/test_iu/project/tbd/assets/lookdev/prop/pr_arrow/md/shader/pr_arrow_v01.ma', '//home/crystal/Desktop/test_iu/project/tbd/assets/lookdev/prop/pr_arrow/md/shader/pr_arrow_v02.ma', '//home/crystal/Desktop/test_iu/project/tbd/assets/lookdev/prop/pr_arrow/md/shader/pr_arrow_v01.xml', '//home/crystal/Desktop/test_iu/project/tbd/assets/lookdev/prop/pr_arrow/md/shader/pr_arrow_v02.xml']
max() arg is an empty sequence
//home/crystal/Desktop/test_iu/project/tbd/assets/model
//home/crystal/Desktop/test_iu/project/tbd/assets/texture/char/ch_cave_wmo/ch_cave_wmo_md.png=>None
//home/crystal/Desktop/test_iu/project/tbd/assets/texture/char/ch_cave_wmo/Thumbs.db=>None
