=========2017-09-04 10:06:27.089450=========
tbd
['//home/crystal/Desktop/test_iu/project/tbd/assets/lookdev/char/ch_2wmo/lo/shader/ch_2wmo_v02.ma', '//home/crystal/Desktop/test_iu/project/tbd/assets/lookdev/char/ch_2wmo/lo/shader/ch_2wmo_v03.ma', '//home/crystal/Desktop/test_iu/project/tbd/assets/lookdev/char/ch_2wmo/lo/shader/ch_2wmo_v04.ma', '//home/crystal/Desktop/test_iu/project/tbd/assets/lookdev/char/ch_2wmo/lo/shader/ch_2wmo_v01.ma', '//home/crystal/Desktop/test_iu/project/tbd/assets/lookdev/char/ch_2wmo/lo/shader/ch_2wmo_v02.xml', '//home/crystal/Desktop/test_iu/project/tbd/assets/lookdev/char/ch_2wmo/lo/shader/ch_2wmo_v03.xml', '//home/crystal/Desktop/test_iu/project/tbd/assets/lookdev/char/ch_2wmo/lo/shader/ch_2wmo_v04.xml', '//home/crystal/Desktop/test_iu/project/tbd/assets/lookdev/char/ch_2wmo/lo/shader/ch_2wmo_v01.xml']
//home/crystal/Desktop/test_iu/project/tbd/assets/lookdev/char/ch_2wmo/ch_2wmo_md.png=>None
//home/crystal/Desktop/test_iu/project/tbd/assets/lookdev/char/ch_2wmo/Thumbs.db=>None
//home/crystal/Desktop/test_iu/project/tbd/assets/lookdev/char/ch_2yz/ch_2yz_lo.png=>None
//home/crystal/Desktop/test_iu/project/tbd/assets/lookdev/char/ch_2yz/Thumbs.db=>None
//home/crystal/Desktop/test_iu/project/tbd/assets/lookdev/char/ch_2yz/ch_2yz_md.png=>None
['//home/crystal/Desktop/test_iu/project/tbd/assets/lookdev/char/ch_2yz/md/shader/ch_2yz_v01.ma', '//home/crystal/Desktop/test_iu/project/tbd/assets/lookdev/char/ch_2yz/md/shader/ch_2yz_v02.ma', '//home/crystal/Desktop/test_iu/project/tbd/assets/lookdev/char/ch_2yz/md/shader/ch_2yz_v03.ma', '//home/crystal/Desktop/test_iu/project/tbd/assets/lookdev/char/ch_2yz/md/shader/ch_2yz_v04.ma', '//home/crystal/Desktop/test_iu/project/tbd/assets/lookdev/char/ch_2yz/md/shader/ch_2yz_v05.ma', '//home/crystal/Desktop/test_iu/project/tbd/assets/lookdev/char/ch_2yz/md/shader/ch_2yz_v01.xml', '//home/crystal/Desktop/test_iu/project/tbd/assets/lookdev/char/ch_2yz/md/shader/ch_2yz_v02.xml', '//home/crystal/Desktop/test_iu/project/tbd/assets/lookdev/char/ch_2yz/md/shader/ch_2yz_v03.xml', '//home/crystal/Desktop/test_iu/project/tbd/assets/lookdev/char/ch_2yz/md/shader/ch_2yz_v04.xml', '//home/crystal/Desktop/test_iu/project/tbd/assets/lookdev/char/ch_2yz/md/shader/ch_2yz_v05.xml']
['//home/crystal/Desktop/test_iu/project/tbd/assets/lookdev/char/ch_2yz/lo/shader/ch_2yz_v02.ma', '//home/crystal/Desktop/test_iu/project/tbd/assets/lookdev/char/ch_2yz/lo/shader/ch_2yz_v03.ma', '//home/crystal/Desktop/test_iu/project/tbd/assets/lookdev/char/ch_2yz/lo/shader/ch_2yz_v04.ma', '//home/crystal/Desktop/test_iu/project/tbd/assets/lookdev/char/ch_2yz/lo/shader/ch_2yz_v01.ma', '//home/crystal/Desktop/test_iu/project/tbd/assets/lookdev/char/ch_2yz/lo/shader/ch_2yz_v01.xml', '//home/crystal/Desktop/test_iu/project/tbd/assets/lookdev/char/ch_2yz/lo/shader/ch_2yz_v02.xml', '//home/crystal/Desktop/test_iu/project/tbd/assets/lookdev/char/ch_2yz/lo/shader/ch_2yz_v03.xml', '//home/crystal/Desktop/test_iu/project/tbd/assets/lookdev/char/ch_2yz/lo/shader/ch_2yz_v04.xml']
['//home/crystal/Desktop/test_iu/project/tbd/assets/lookdev/char/ch_3wc/md/shader/ch_3wc_v01.ma', '//home/crystal/Desktop/test_iu/project/tbd/assets/lookdev/char/ch_3wc/md/shader/ch_3wc_v02.ma', '//home/crystal/Desktop/test_iu/project/tbd/assets/lookdev/char/ch_3wc/md/shader/ch_3wc_v01.xml', '//home/crystal/Desktop/test_iu/project/tbd/assets/lookdev/char/ch_3wc/md/shader/ch_3wc_v02.xml']
//home/crystal/Desktop/test_iu/project/tbd/assets/lookdev/char/ch_3wc/ch_3wc_md.png=>None
//home/crystal/Desktop/test_iu/project/tbd/assets/lookdev/char/ch_3wc/Thumbs.db=>None
[]
//home/crystal/Desktop/test_iu/project/tbd/assets/lookdev/char/ch_3wmo/ch_3wmo_md.png=>None
//home/crystal/Desktop/test_iu/project/tbd/assets/lookdev/char/ch_3wmo/Thumbs.db=>None
//home/crystal/Desktop/test_iu/project/tbd/assets/lookdev/char/ch_cave_hacker_m/ch_cave_hacker_m_lo.png=>None
//home/crystal/Desktop/test_iu/project/tbd/assets/lookdev/char/ch_cave_hacker_m/Thumbs.db=>None
['//home/crystal/Desktop/test_iu/project/tbd/assets/lookdev/char/ch_cave_hacker_m/lo/shader/ch_cave_hacker_m_v01.ma', '//home/crystal/Desktop/test_iu/project/tbd/assets/lookdev/char/ch_cave_hacker_m/lo/shader/ch_cave_hacker_m_v01.xml']
[]
//home/crystal/Desktop/test_iu/project/tbd/assets/lookdev/char/ch_cave_hacker_wm/ch_cave_hacker_wm_md.png=>None
[]
//home/crystal/Desktop/test_iu/project/tbd/assets/lookdev/char/ch_cave_hacker_wm/ch_cave_hacker_wm_lo.png=>None
//home/crystal/Desktop/test_iu/project/tbd/assets/lookdev/char/ch_cave_hacker_wm/Thumbs.db=>None
//home/crystal/Desktop/test_iu/project/tbd/assets/lookdev/char/ch_cave_wmo/ch_cave_wmo_md.png=>None
//home/crystal/Desktop/test_iu/project/tbd/assets/lookdev/char/ch_cave_wmo/Thumbs.db=>None
[]
[]
//home/crystal/Desktop/test_iu/project/tbd/assets/lookdev/char/ch_soldier_a/ch_soldier_a_md.png=>None
['//home/crystal/Desktop/test_iu/project/tbd/assets/lookdev/char/ch_soldier_a/xl/shader/ch_soldier_a_v01.ma', '//home/crystal/Desktop/test_iu/project/tbd/assets/lookdev/char/ch_soldier_a/xl/shader/ch_soldier_a_v02.ma', '//home/crystal/Desktop/test_iu/project/tbd/assets/lookdev/char/ch_soldier_a/xl/shader/ch_soldier_a_v03.ma', '//home/crystal/Desktop/test_iu/project/tbd/assets/lookdev/char/ch_soldier_a/xl/shader/ch_soldier_a_v04.ma', '//home/crystal/Desktop/test_iu/project/tbd/assets/lookdev/char/ch_soldier_a/xl/shader/ch_soldier_a_v05.ma', '//home/crystal/Desktop/test_iu/project/tbd/assets/lookdev/char/ch_soldier_a/xl/shader/ch_soldier_a_v06.ma', '//home/crystal/Desktop/test_iu/project/tbd/assets/lookdev/char/ch_soldier_a/xl/shader/ch_soldier_a_v07.ma', '//home/crystal/Desktop/test_iu/project/tbd/assets/lookdev/char/ch_soldier_a/xl/shader/ch_soldier_a_v01.xml', '//home/crystal/Desktop/test_iu/project/tbd/assets/lookdev/char/ch_soldier_a/xl/shader/ch_soldier_a_v02.xml', '//home/crystal/Desktop/test_iu/project/tbd/assets/lookdev/char/ch_soldier_a/xl/shader/ch_soldier_a_v03.xml', '//home/crystal/Desktop/test_iu/project/tbd/assets/lookdev/char/ch_soldier_a/xl/shader/ch_soldier_a_v04.xml', '//home/crystal/Desktop/test_iu/project/tbd/assets/lookdev/char/ch_soldier_a/xl/shader/ch_soldier_a_v05.xml', '//home/crystal/Desktop/test_iu/project/tbd/assets/lookdev/char/ch_soldier_a/xl/shader/ch_soldier_a_v06.xml', '//home/crystal/Desktop/test_iu/project/tbd/assets/lookdev/char/ch_soldier_a/xl/shader/ch_soldier_a_v07.xml']
[]
//home/crystal/Desktop/test_iu/project/tbd/assets/lookdev/char/ch_soldier_a/ch_soldier_a_xlo.png=>None
//home/crystal/Desktop/test_iu/project/tbd/assets/lookdev/char/ch_soldier_a/Thumbs.db=>None
[]
[]
[]
[]
[]
[]
['//home/crystal/Desktop/test_iu/project/tbd/assets/lookdev/env/en_2ground_c1891/md/shader/en_2ground_c1891.ma', '//home/crystal/Desktop/test_iu/project/tbd/assets/lookdev/env/en_2ground_c1891/md/shader/en_2ground_c1891.xml']
[]
['//home/crystal/Desktop/test_iu/project/tbd/assets/lookdev/prop/pr_arrow/md/shader/pr_arrow_v01.ma', '//home/crystal/Desktop/test_iu/project/tbd/assets/lookdev/prop/pr_arrow/md/shader/pr_arrow_v02.ma', '//home/crystal/Desktop/test_iu/project/tbd/assets/lookdev/prop/pr_arrow/md/shader/pr_arrow_v01.xml', '//home/crystal/Desktop/test_iu/project/tbd/assets/lookdev/prop/pr_arrow/md/shader/pr_arrow_v02.xml']
[]
[]
['//home/crystal/Desktop/test_iu/project/tbd/assets/lookdev/prop/pr_bigdrum/lo/shader/pr_bigdrum_v01.ma', '//home/crystal/Desktop/test_iu/project/tbd/assets/lookdev/prop/pr_bigdrum/lo/shader/pr_bigdrum_v01.xml']
['//home/crystal/Desktop/test_iu/project/tbd/assets/lookdev/prop/pr_bigdrum/xl/shader/pr_bigdrum_v01.ma', '//home/crystal/Desktop/test_iu/project/tbd/assets/lookdev/prop/pr_bigdrum/xl/shader/pr_bigdrum_v02.ma', '//home/crystal/Desktop/test_iu/project/tbd/assets/lookdev/prop/pr_bigdrum/xl/shader/pr_bigdrum_v01.xml', '//home/crystal/Desktop/test_iu/project/tbd/assets/lookdev/prop/pr_bigdrum/xl/shader/pr_bigdrum_v02.xml']
['//home/crystal/Desktop/test_iu/project/tbd/assets/lookdev/prop/pr_bigdrum/xlo/shader/pr_bigdrum_v01.ma', '//home/crystal/Desktop/test_iu/project/tbd/assets/lookdev/prop/pr_bigdrum/xlo/shader/pr_bigdrum_v01.xml']
['//home/crystal/Desktop/test_iu/project/tbd/assets/lookdev/prop/pr_chain/lo/shader/pr_chain_v01.ma', '//home/crystal/Desktop/test_iu/project/tbd/assets/lookdev/prop/pr_chain/lo/shader/pr_chain_v01.xml']
['//home/crystal/Desktop/test_iu/project/tbd/assets/lookdev/prop/pr_chain/xlo/shader/pr_chain_v01.ma', '//home/crystal/Desktop/test_iu/project/tbd/assets/lookdev/prop/pr_chain/xlo/shader/pr_chain_v01.xml']
['//home/crystal/Desktop/test_iu/project/tbd/assets/lookdev/prop/pr_chain/hi/shader/pr_chain_v01.ma', '//home/crystal/Desktop/test_iu/project/tbd/assets/lookdev/prop/pr_chain/hi/shader/pr_chain_v01.xml']
[]
[]
['//home/crystal/Desktop/test_iu/project/tbd/assets/lookdev/prop/pr_flag_big/hi/shader/pr_flag_big_v02.ma', '//home/crystal/Desktop/test_iu/project/tbd/assets/lookdev/prop/pr_flag_big/hi/shader/pr_flag_big_v01.ma', '//home/crystal/Desktop/test_iu/project/tbd/assets/lookdev/prop/pr_flag_big/hi/shader/pr_flag_big_v02.xml', '//home/crystal/Desktop/test_iu/project/tbd/assets/lookdev/prop/pr_flag_big/hi/shader/pr_flag_big_v01.xml']
['//home/crystal/Desktop/test_iu/project/tbd/assets/lookdev/prop/pr_flag_mid_a/hi/shader/pr_flag_mid_a_v01.ma', '//home/crystal/Desktop/test_iu/project/tbd/assets/lookdev/prop/pr_flag_mid_a/hi/shader/pr_flag_mid_a_v01.xml']
[]
[]
max() arg is an empty sequence
//home/crystal/Desktop/test_iu/project/tbd/assets/model
=========2017-09-04 10:17:37.047530=========
tbd
folder exists
['//home/crystal/Desktop/test_iu/project/tbd/assets/lookdev/char/ch_2wmo/lo/shader/ch_2wmo_v02.ma', '//home/crystal/Desktop/test_iu/project/tbd/assets/lookdev/char/ch_2wmo/lo/shader/ch_2wmo_v03.ma', '//home/crystal/Desktop/test_iu/project/tbd/assets/lookdev/char/ch_2wmo/lo/shader/ch_2wmo_v04.ma', '//home/crystal/Desktop/test_iu/project/tbd/assets/lookdev/char/ch_2wmo/lo/shader/ch_2wmo_v01.ma', '//home/crystal/Desktop/test_iu/project/tbd/assets/lookdev/char/ch_2wmo/lo/shader/ch_2wmo_v02.xml', '//home/crystal/Desktop/test_iu/project/tbd/assets/lookdev/char/ch_2wmo/lo/shader/ch_2wmo_v03.xml', '//home/crystal/Desktop/test_iu/project/tbd/assets/lookdev/char/ch_2wmo/lo/shader/ch_2wmo_v04.xml', '//home/crystal/Desktop/test_iu/project/tbd/assets/lookdev/char/ch_2wmo/lo/shader/ch_2wmo_v01.xml']
//home/crystal/Desktop/test_iu/project/tbd/assets/lookdev/char/ch_2wmo/ch_2wmo_md.png=>None
//home/crystal/Desktop/test_iu/project/tbd/assets/lookdev/char/ch_2wmo/Thumbs.db=>None
//home/crystal/Desktop/test_iu/project/tbd/assets/lookdev/char/ch_2yz/ch_2yz_lo.png=>None
//home/crystal/Desktop/test_iu/project/tbd/assets/lookdev/char/ch_2yz/Thumbs.db=>None
//home/crystal/Desktop/test_iu/project/tbd/assets/lookdev/char/ch_2yz/ch_2yz_md.png=>None
['//home/crystal/Desktop/test_iu/project/tbd/assets/lookdev/char/ch_2yz/md/shader/ch_2yz_v01.ma', '//home/crystal/Desktop/test_iu/project/tbd/assets/lookdev/char/ch_2yz/md/shader/ch_2yz_v02.ma', '//home/crystal/Desktop/test_iu/project/tbd/assets/lookdev/char/ch_2yz/md/shader/ch_2yz_v03.ma', '//home/crystal/Desktop/test_iu/project/tbd/assets/lookdev/char/ch_2yz/md/shader/ch_2yz_v04.ma', '//home/crystal/Desktop/test_iu/project/tbd/assets/lookdev/char/ch_2yz/md/shader/ch_2yz_v05.ma', '//home/crystal/Desktop/test_iu/project/tbd/assets/lookdev/char/ch_2yz/md/shader/ch_2yz_v01.xml', '//home/crystal/Desktop/test_iu/project/tbd/assets/lookdev/char/ch_2yz/md/shader/ch_2yz_v02.xml', '//home/crystal/Desktop/test_iu/project/tbd/assets/lookdev/char/ch_2yz/md/shader/ch_2yz_v03.xml', '//home/crystal/Desktop/test_iu/project/tbd/assets/lookdev/char/ch_2yz/md/shader/ch_2yz_v04.xml', '//home/crystal/Desktop/test_iu/project/tbd/assets/lookdev/char/ch_2yz/md/shader/ch_2yz_v05.xml']
['//home/crystal/Desktop/test_iu/project/tbd/assets/lookdev/char/ch_2yz/lo/shader/ch_2yz_v02.ma', '//home/crystal/Desktop/test_iu/project/tbd/assets/lookdev/char/ch_2yz/lo/shader/ch_2yz_v03.ma', '//home/crystal/Desktop/test_iu/project/tbd/assets/lookdev/char/ch_2yz/lo/shader/ch_2yz_v04.ma', '//home/crystal/Desktop/test_iu/project/tbd/assets/lookdev/char/ch_2yz/lo/shader/ch_2yz_v01.ma', '//home/crystal/Desktop/test_iu/project/tbd/assets/lookdev/char/ch_2yz/lo/shader/ch_2yz_v01.xml', '//home/crystal/Desktop/test_iu/project/tbd/assets/lookdev/char/ch_2yz/lo/shader/ch_2yz_v02.xml', '//home/crystal/Desktop/test_iu/project/tbd/assets/lookdev/char/ch_2yz/lo/shader/ch_2yz_v03.xml', '//home/crystal/Desktop/test_iu/project/tbd/assets/lookdev/char/ch_2yz/lo/shader/ch_2yz_v04.xml']
['//home/crystal/Desktop/test_iu/project/tbd/assets/lookdev/char/ch_3wc/md/shader/ch_3wc_v01.ma', '//home/crystal/Desktop/test_iu/project/tbd/assets/lookdev/char/ch_3wc/md/shader/ch_3wc_v02.ma', '//home/crystal/Desktop/test_iu/project/tbd/assets/lookdev/char/ch_3wc/md/shader/ch_3wc_v01.xml', '//home/crystal/Desktop/test_iu/project/tbd/assets/lookdev/char/ch_3wc/md/shader/ch_3wc_v02.xml']
//home/crystal/Desktop/test_iu/project/tbd/assets/lookdev/char/ch_3wc/ch_3wc_md.png=>None
//home/crystal/Desktop/test_iu/project/tbd/assets/lookdev/char/ch_3wc/Thumbs.db=>None
[]
//home/crystal/Desktop/test_iu/project/tbd/assets/lookdev/char/ch_3wmo/ch_3wmo_md.png=>None
//home/crystal/Desktop/test_iu/project/tbd/assets/lookdev/char/ch_3wmo/Thumbs.db=>None
//home/crystal/Desktop/test_iu/project/tbd/assets/lookdev/char/ch_cave_hacker_m/ch_cave_hacker_m_lo.png=>None
//home/crystal/Desktop/test_iu/project/tbd/assets/lookdev/char/ch_cave_hacker_m/Thumbs.db=>None
['//home/crystal/Desktop/test_iu/project/tbd/assets/lookdev/char/ch_cave_hacker_m/lo/shader/ch_cave_hacker_m_v01.ma', '//home/crystal/Desktop/test_iu/project/tbd/assets/lookdev/char/ch_cave_hacker_m/lo/shader/ch_cave_hacker_m_v01.xml']
[]
//home/crystal/Desktop/test_iu/project/tbd/assets/lookdev/char/ch_cave_hacker_wm/ch_cave_hacker_wm_md.png=>None
[]
//home/crystal/Desktop/test_iu/project/tbd/assets/lookdev/char/ch_cave_hacker_wm/ch_cave_hacker_wm_lo.png=>None
//home/crystal/Desktop/test_iu/project/tbd/assets/lookdev/char/ch_cave_hacker_wm/Thumbs.db=>None
//home/crystal/Desktop/test_iu/project/tbd/assets/lookdev/char/ch_cave_wmo/ch_cave_wmo_md.png=>None
//home/crystal/Desktop/test_iu/project/tbd/assets/lookdev/char/ch_cave_wmo/Thumbs.db=>None
[]
[]
//home/crystal/Desktop/test_iu/project/tbd/assets/lookdev/char/ch_soldier_a/ch_soldier_a_md.png=>None
['//home/crystal/Desktop/test_iu/project/tbd/assets/lookdev/char/ch_soldier_a/xl/shader/ch_soldier_a_v01.ma', '//home/crystal/Desktop/test_iu/project/tbd/assets/lookdev/char/ch_soldier_a/xl/shader/ch_soldier_a_v02.ma', '//home/crystal/Desktop/test_iu/project/tbd/assets/lookdev/char/ch_soldier_a/xl/shader/ch_soldier_a_v03.ma', '//home/crystal/Desktop/test_iu/project/tbd/assets/lookdev/char/ch_soldier_a/xl/shader/ch_soldier_a_v04.ma', '//home/crystal/Desktop/test_iu/project/tbd/assets/lookdev/char/ch_soldier_a/xl/shader/ch_soldier_a_v05.ma', '//home/crystal/Desktop/test_iu/project/tbd/assets/lookdev/char/ch_soldier_a/xl/shader/ch_soldier_a_v06.ma', '//home/crystal/Desktop/test_iu/project/tbd/assets/lookdev/char/ch_soldier_a/xl/shader/ch_soldier_a_v07.ma', '//home/crystal/Desktop/test_iu/project/tbd/assets/lookdev/char/ch_soldier_a/xl/shader/ch_soldier_a_v01.xml', '//home/crystal/Desktop/test_iu/project/tbd/assets/lookdev/char/ch_soldier_a/xl/shader/ch_soldier_a_v02.xml', '//home/crystal/Desktop/test_iu/project/tbd/assets/lookdev/char/ch_soldier_a/xl/shader/ch_soldier_a_v03.xml', '//home/crystal/Desktop/test_iu/project/tbd/assets/lookdev/char/ch_soldier_a/xl/shader/ch_soldier_a_v04.xml', '//home/crystal/Desktop/test_iu/project/tbd/assets/lookdev/char/ch_soldier_a/xl/shader/ch_soldier_a_v05.xml', '//home/crystal/Desktop/test_iu/project/tbd/assets/lookdev/char/ch_soldier_a/xl/shader/ch_soldier_a_v06.xml', '//home/crystal/Desktop/test_iu/project/tbd/assets/lookdev/char/ch_soldier_a/xl/shader/ch_soldier_a_v07.xml']
[]
//home/crystal/Desktop/test_iu/project/tbd/assets/lookdev/char/ch_soldier_a/ch_soldier_a_xlo.png=>None
//home/crystal/Desktop/test_iu/project/tbd/assets/lookdev/char/ch_soldier_a/Thumbs.db=>None
[]
[]
[]
[]
[]
[]
['//home/crystal/Desktop/test_iu/project/tbd/assets/lookdev/env/en_2ground_c1891/md/shader/en_2ground_c1891.ma', '//home/crystal/Desktop/test_iu/project/tbd/assets/lookdev/env/en_2ground_c1891/md/shader/en_2ground_c1891.xml']
[]
['//home/crystal/Desktop/test_iu/project/tbd/assets/lookdev/prop/pr_arrow/md/shader/pr_arrow_v01.ma', '//home/crystal/Desktop/test_iu/project/tbd/assets/lookdev/prop/pr_arrow/md/shader/pr_arrow_v02.ma', '//home/crystal/Desktop/test_iu/project/tbd/assets/lookdev/prop/pr_arrow/md/shader/pr_arrow_v01.xml', '//home/crystal/Desktop/test_iu/project/tbd/assets/lookdev/prop/pr_arrow/md/shader/pr_arrow_v02.xml']
[]
[]
['//home/crystal/Desktop/test_iu/project/tbd/assets/lookdev/prop/pr_bigdrum/lo/shader/pr_bigdrum_v01.ma', '//home/crystal/Desktop/test_iu/project/tbd/assets/lookdev/prop/pr_bigdrum/lo/shader/pr_bigdrum_v01.xml']
['//home/crystal/Desktop/test_iu/project/tbd/assets/lookdev/prop/pr_bigdrum/xl/shader/pr_bigdrum_v01.ma', '//home/crystal/Desktop/test_iu/project/tbd/assets/lookdev/prop/pr_bigdrum/xl/shader/pr_bigdrum_v02.ma', '//home/crystal/Desktop/test_iu/project/tbd/assets/lookdev/prop/pr_bigdrum/xl/shader/pr_bigdrum_v01.xml', '//home/crystal/Desktop/test_iu/project/tbd/assets/lookdev/prop/pr_bigdrum/xl/shader/pr_bigdrum_v02.xml']
['//home/crystal/Desktop/test_iu/project/tbd/assets/lookdev/prop/pr_bigdrum/xlo/shader/pr_bigdrum_v01.ma', '//home/crystal/Desktop/test_iu/project/tbd/assets/lookdev/prop/pr_bigdrum/xlo/shader/pr_bigdrum_v01.xml']
['//home/crystal/Desktop/test_iu/project/tbd/assets/lookdev/prop/pr_chain/lo/shader/pr_chain_v01.ma', '//home/crystal/Desktop/test_iu/project/tbd/assets/lookdev/prop/pr_chain/lo/shader/pr_chain_v01.xml']
['//home/crystal/Desktop/test_iu/project/tbd/assets/lookdev/prop/pr_chain/xlo/shader/pr_chain_v01.ma', '//home/crystal/Desktop/test_iu/project/tbd/assets/lookdev/prop/pr_chain/xlo/shader/pr_chain_v01.xml']
['//home/crystal/Desktop/test_iu/project/tbd/assets/lookdev/prop/pr_chain/hi/shader/pr_chain_v01.ma', '//home/crystal/Desktop/test_iu/project/tbd/assets/lookdev/prop/pr_chain/hi/shader/pr_chain_v01.xml']
[]
[]
['//home/crystal/Desktop/test_iu/project/tbd/assets/lookdev/prop/pr_flag_big/hi/shader/pr_flag_big_v02.ma', '//home/crystal/Desktop/test_iu/project/tbd/assets/lookdev/prop/pr_flag_big/hi/shader/pr_flag_big_v01.ma', '//home/crystal/Desktop/test_iu/project/tbd/assets/lookdev/prop/pr_flag_big/hi/shader/pr_flag_big_v02.xml', '//home/crystal/Desktop/test_iu/project/tbd/assets/lookdev/prop/pr_flag_big/hi/shader/pr_flag_big_v01.xml']
['//home/crystal/Desktop/test_iu/project/tbd/assets/lookdev/prop/pr_flag_mid_a/hi/shader/pr_flag_mid_a_v01.ma', '//home/crystal/Desktop/test_iu/project/tbd/assets/lookdev/prop/pr_flag_mid_a/hi/shader/pr_flag_mid_a_v01.xml']
[]
[]
max() arg is an empty sequence
//home/crystal/Desktop/test_iu/project/tbd/assets/model
=========2017-09-04 14:11:55.467657=========
tbd
['//home/crystal/Desktop/test_iu/project/tbd/assets/lookdev/char/ch_2wmo/lo/shader/ch_2wmo_v02.ma', '//home/crystal/Desktop/test_iu/project/tbd/assets/lookdev/char/ch_2wmo/lo/shader/ch_2wmo_v03.ma', '//home/crystal/Desktop/test_iu/project/tbd/assets/lookdev/char/ch_2wmo/lo/shader/ch_2wmo_v04.ma', '//home/crystal/Desktop/test_iu/project/tbd/assets/lookdev/char/ch_2wmo/lo/shader/ch_2wmo_v01.ma', '//home/crystal/Desktop/test_iu/project/tbd/assets/lookdev/char/ch_2wmo/lo/shader/ch_2wmo_v02.xml', '//home/crystal/Desktop/test_iu/project/tbd/assets/lookdev/char/ch_2wmo/lo/shader/ch_2wmo_v03.xml', '//home/crystal/Desktop/test_iu/project/tbd/assets/lookdev/char/ch_2wmo/lo/shader/ch_2wmo_v04.xml', '//home/crystal/Desktop/test_iu/project/tbd/assets/lookdev/char/ch_2wmo/lo/shader/ch_2wmo_v01.xml']
//home/crystal/Desktop/test_iu/project/tbd/assets/lookdev/char/ch_2wmo/ch_2wmo_md.png=>None
//home/crystal/Desktop/test_iu/project/tbd/assets/lookdev/char/ch_2wmo/Thumbs.db=>None
//home/crystal/Desktop/test_iu/project/tbd/assets/lookdev/char/ch_2yz/ch_2yz_lo.png=>None
//home/crystal/Desktop/test_iu/project/tbd/assets/lookdev/char/ch_2yz/Thumbs.db=>None
//home/crystal/Desktop/test_iu/project/tbd/assets/lookdev/char/ch_2yz/ch_2yz_md.png=>None
['//home/crystal/Desktop/test_iu/project/tbd/assets/lookdev/char/ch_2yz/md/shader/ch_2yz_v01.ma', '//home/crystal/Desktop/test_iu/project/tbd/assets/lookdev/char/ch_2yz/md/shader/ch_2yz_v02.ma', '//home/crystal/Desktop/test_iu/project/tbd/assets/lookdev/char/ch_2yz/md/shader/ch_2yz_v03.ma', '//home/crystal/Desktop/test_iu/project/tbd/assets/lookdev/char/ch_2yz/md/shader/ch_2yz_v04.ma', '//home/crystal/Desktop/test_iu/project/tbd/assets/lookdev/char/ch_2yz/md/shader/ch_2yz_v05.ma', '//home/crystal/Desktop/test_iu/project/tbd/assets/lookdev/char/ch_2yz/md/shader/ch_2yz_v01.xml', '//home/crystal/Desktop/test_iu/project/tbd/assets/lookdev/char/ch_2yz/md/shader/ch_2yz_v02.xml', '//home/crystal/Desktop/test_iu/project/tbd/assets/lookdev/char/ch_2yz/md/shader/ch_2yz_v03.xml', '//home/crystal/Desktop/test_iu/project/tbd/assets/lookdev/char/ch_2yz/md/shader/ch_2yz_v04.xml', '//home/crystal/Desktop/test_iu/project/tbd/assets/lookdev/char/ch_2yz/md/shader/ch_2yz_v05.xml']
['//home/crystal/Desktop/test_iu/project/tbd/assets/lookdev/char/ch_2yz/lo/shader/ch_2yz_v02.ma', '//home/crystal/Desktop/test_iu/project/tbd/assets/lookdev/char/ch_2yz/lo/shader/ch_2yz_v03.ma', '//home/crystal/Desktop/test_iu/project/tbd/assets/lookdev/char/ch_2yz/lo/shader/ch_2yz_v04.ma', '//home/crystal/Desktop/test_iu/project/tbd/assets/lookdev/char/ch_2yz/lo/shader/ch_2yz_v01.ma', '//home/crystal/Desktop/test_iu/project/tbd/assets/lookdev/char/ch_2yz/lo/shader/ch_2yz_v01.xml', '//home/crystal/Desktop/test_iu/project/tbd/assets/lookdev/char/ch_2yz/lo/shader/ch_2yz_v02.xml', '//home/crystal/Desktop/test_iu/project/tbd/assets/lookdev/char/ch_2yz/lo/shader/ch_2yz_v03.xml', '//home/crystal/Desktop/test_iu/project/tbd/assets/lookdev/char/ch_2yz/lo/shader/ch_2yz_v04.xml']
['//home/crystal/Desktop/test_iu/project/tbd/assets/lookdev/char/ch_3wc/md/shader/ch_3wc_v01.ma', '//home/crystal/Desktop/test_iu/project/tbd/assets/lookdev/char/ch_3wc/md/shader/ch_3wc_v02.ma', '//home/crystal/Desktop/test_iu/project/tbd/assets/lookdev/char/ch_3wc/md/shader/ch_3wc_v01.xml', '//home/crystal/Desktop/test_iu/project/tbd/assets/lookdev/char/ch_3wc/md/shader/ch_3wc_v02.xml']
//home/crystal/Desktop/test_iu/project/tbd/assets/lookdev/char/ch_3wc/ch_3wc_md.png=>None
//home/crystal/Desktop/test_iu/project/tbd/assets/lookdev/char/ch_3wc/Thumbs.db=>None
[]
//home/crystal/Desktop/test_iu/project/tbd/assets/lookdev/char/ch_3wmo/ch_3wmo_md.png=>None
//home/crystal/Desktop/test_iu/project/tbd/assets/lookdev/char/ch_3wmo/Thumbs.db=>None
//home/crystal/Desktop/test_iu/project/tbd/assets/lookdev/char/ch_cave_hacker_m/ch_cave_hacker_m_lo.png=>None
//home/crystal/Desktop/test_iu/project/tbd/assets/lookdev/char/ch_cave_hacker_m/Thumbs.db=>None
['//home/crystal/Desktop/test_iu/project/tbd/assets/lookdev/char/ch_cave_hacker_m/lo/shader/ch_cave_hacker_m_v01.ma', '//home/crystal/Desktop/test_iu/project/tbd/assets/lookdev/char/ch_cave_hacker_m/lo/shader/ch_cave_hacker_m_v01.xml']
[]
//home/crystal/Desktop/test_iu/project/tbd/assets/lookdev/char/ch_cave_hacker_wm/ch_cave_hacker_wm_md.png=>None
[]
//home/crystal/Desktop/test_iu/project/tbd/assets/lookdev/char/ch_cave_hacker_wm/ch_cave_hacker_wm_lo.png=>None
//home/crystal/Desktop/test_iu/project/tbd/assets/lookdev/char/ch_cave_hacker_wm/Thumbs.db=>None
//home/crystal/Desktop/test_iu/project/tbd/assets/lookdev/char/ch_cave_wmo/ch_cave_wmo_md.png=>None
//home/crystal/Desktop/test_iu/project/tbd/assets/lookdev/char/ch_cave_wmo/Thumbs.db=>None
[]
[]
//home/crystal/Desktop/test_iu/project/tbd/assets/lookdev/char/ch_soldier_a/ch_soldier_a_md.png=>None
['//home/crystal/Desktop/test_iu/project/tbd/assets/lookdev/char/ch_soldier_a/xl/shader/ch_soldier_a_v01.ma', '//home/crystal/Desktop/test_iu/project/tbd/assets/lookdev/char/ch_soldier_a/xl/shader/ch_soldier_a_v02.ma', '//home/crystal/Desktop/test_iu/project/tbd/assets/lookdev/char/ch_soldier_a/xl/shader/ch_soldier_a_v03.ma', '//home/crystal/Desktop/test_iu/project/tbd/assets/lookdev/char/ch_soldier_a/xl/shader/ch_soldier_a_v04.ma', '//home/crystal/Desktop/test_iu/project/tbd/assets/lookdev/char/ch_soldier_a/xl/shader/ch_soldier_a_v05.ma', '//home/crystal/Desktop/test_iu/project/tbd/assets/lookdev/char/ch_soldier_a/xl/shader/ch_soldier_a_v06.ma', '//home/crystal/Desktop/test_iu/project/tbd/assets/lookdev/char/ch_soldier_a/xl/shader/ch_soldier_a_v07.ma', '//home/crystal/Desktop/test_iu/project/tbd/assets/lookdev/char/ch_soldier_a/xl/shader/ch_soldier_a_v01.xml', '//home/crystal/Desktop/test_iu/project/tbd/assets/lookdev/char/ch_soldier_a/xl/shader/ch_soldier_a_v02.xml', '//home/crystal/Desktop/test_iu/project/tbd/assets/lookdev/char/ch_soldier_a/xl/shader/ch_soldier_a_v03.xml', '//home/crystal/Desktop/test_iu/project/tbd/assets/lookdev/char/ch_soldier_a/xl/shader/ch_soldier_a_v04.xml', '//home/crystal/Desktop/test_iu/project/tbd/assets/lookdev/char/ch_soldier_a/xl/shader/ch_soldier_a_v05.xml', '//home/crystal/Desktop/test_iu/project/tbd/assets/lookdev/char/ch_soldier_a/xl/shader/ch_soldier_a_v06.xml', '//home/crystal/Desktop/test_iu/project/tbd/assets/lookdev/char/ch_soldier_a/xl/shader/ch_soldier_a_v07.xml']
[]
//home/crystal/Desktop/test_iu/project/tbd/assets/lookdev/char/ch_soldier_a/ch_soldier_a_xlo.png=>None
//home/crystal/Desktop/test_iu/project/tbd/assets/lookdev/char/ch_soldier_a/Thumbs.db=>None
[]
[]
[]
[]
[]
[]
['//home/crystal/Desktop/test_iu/project/tbd/assets/lookdev/env/en_2ground_c1891/md/shader/en_2ground_c1891.ma', '//home/crystal/Desktop/test_iu/project/tbd/assets/lookdev/env/en_2ground_c1891/md/shader/en_2ground_c1891.xml']
[]
['//home/crystal/Desktop/test_iu/project/tbd/assets/lookdev/prop/pr_arrow/md/shader/pr_arrow_v01.ma', '//home/crystal/Desktop/test_iu/project/tbd/assets/lookdev/prop/pr_arrow/md/shader/pr_arrow_v02.ma', '//home/crystal/Desktop/test_iu/project/tbd/assets/lookdev/prop/pr_arrow/md/shader/pr_arrow_v01.xml', '//home/crystal/Desktop/test_iu/project/tbd/assets/lookdev/prop/pr_arrow/md/shader/pr_arrow_v02.xml']
[]
[]
['//home/crystal/Desktop/test_iu/project/tbd/assets/lookdev/prop/pr_bigdrum/lo/shader/pr_bigdrum_v01.ma', '//home/crystal/Desktop/test_iu/project/tbd/assets/lookdev/prop/pr_bigdrum/lo/shader/pr_bigdrum_v01.xml']
['//home/crystal/Desktop/test_iu/project/tbd/assets/lookdev/prop/pr_bigdrum/xl/shader/pr_bigdrum_v01.ma', '//home/crystal/Desktop/test_iu/project/tbd/assets/lookdev/prop/pr_bigdrum/xl/shader/pr_bigdrum_v02.ma', '//home/crystal/Desktop/test_iu/project/tbd/assets/lookdev/prop/pr_bigdrum/xl/shader/pr_bigdrum_v01.xml', '//home/crystal/Desktop/test_iu/project/tbd/assets/lookdev/prop/pr_bigdrum/xl/shader/pr_bigdrum_v02.xml']
['//home/crystal/Desktop/test_iu/project/tbd/assets/lookdev/prop/pr_bigdrum/xlo/shader/pr_bigdrum_v01.ma', '//home/crystal/Desktop/test_iu/project/tbd/assets/lookdev/prop/pr_bigdrum/xlo/shader/pr_bigdrum_v01.xml']
['//home/crystal/Desktop/test_iu/project/tbd/assets/lookdev/prop/pr_chain/lo/shader/pr_chain_v01.ma', '//home/crystal/Desktop/test_iu/project/tbd/assets/lookdev/prop/pr_chain/lo/shader/pr_chain_v01.xml']
['//home/crystal/Desktop/test_iu/project/tbd/assets/lookdev/prop/pr_chain/xlo/shader/pr_chain_v01.ma', '//home/crystal/Desktop/test_iu/project/tbd/assets/lookdev/prop/pr_chain/xlo/shader/pr_chain_v01.xml']
['//home/crystal/Desktop/test_iu/project/tbd/assets/lookdev/prop/pr_chain/hi/shader/pr_chain_v01.ma', '//home/crystal/Desktop/test_iu/project/tbd/assets/lookdev/prop/pr_chain/hi/shader/pr_chain_v01.xml']
[]
[]
['//home/crystal/Desktop/test_iu/project/tbd/assets/lookdev/prop/pr_flag_big/hi/shader/pr_flag_big_v02.ma', '//home/crystal/Desktop/test_iu/project/tbd/assets/lookdev/prop/pr_flag_big/hi/shader/pr_flag_big_v01.ma', '//home/crystal/Desktop/test_iu/project/tbd/assets/lookdev/prop/pr_flag_big/hi/shader/pr_flag_big_v02.xml', '//home/crystal/Desktop/test_iu/project/tbd/assets/lookdev/prop/pr_flag_big/hi/shader/pr_flag_big_v01.xml']
['//home/crystal/Desktop/test_iu/project/tbd/assets/lookdev/prop/pr_flag_mid_a/hi/shader/pr_flag_mid_a_v01.ma', '//home/crystal/Desktop/test_iu/project/tbd/assets/lookdev/prop/pr_flag_mid_a/hi/shader/pr_flag_mid_a_v01.xml']
[]
[]
max() arg is an empty sequence
//home/crystal/Desktop/test_iu/project/tbd/assets/model
=========2017-09-04 14:50:00.925320=========
tbd
['//home/crystal/Desktop/test_iu/project/tbd/assets/lookdev/char/ch_2wmo/lo/shader/ch_2wmo_v02.ma', '//home/crystal/Desktop/test_iu/project/tbd/assets/lookdev/char/ch_2wmo/lo/shader/ch_2wmo_v03.ma', '//home/crystal/Desktop/test_iu/project/tbd/assets/lookdev/char/ch_2wmo/lo/shader/ch_2wmo_v04.ma', '//home/crystal/Desktop/test_iu/project/tbd/assets/lookdev/char/ch_2wmo/lo/shader/ch_2wmo_v01.ma', '//home/crystal/Desktop/test_iu/project/tbd/assets/lookdev/char/ch_2wmo/lo/shader/ch_2wmo_v02.xml', '//home/crystal/Desktop/test_iu/project/tbd/assets/lookdev/char/ch_2wmo/lo/shader/ch_2wmo_v03.xml', '//home/crystal/Desktop/test_iu/project/tbd/assets/lookdev/char/ch_2wmo/lo/shader/ch_2wmo_v04.xml', '//home/crystal/Desktop/test_iu/project/tbd/assets/lookdev/char/ch_2wmo/lo/shader/ch_2wmo_v01.xml']
//home/crystal/Desktop/test_iu/project/tbd/assets/lookdev/char/ch_2wmo/ch_2wmo_md.png=>None
//home/crystal/Desktop/test_iu/project/tbd/assets/lookdev/char/ch_2wmo/Thumbs.db=>None
//home/crystal/Desktop/test_iu/project/tbd/assets/lookdev/char/ch_2yz/ch_2yz_lo.png=>None
//home/crystal/Desktop/test_iu/project/tbd/assets/lookdev/char/ch_2yz/Thumbs.db=>None
//home/crystal/Desktop/test_iu/project/tbd/assets/lookdev/char/ch_2yz/ch_2yz_md.png=>None
['//home/crystal/Desktop/test_iu/project/tbd/assets/lookdev/char/ch_2yz/md/shader/ch_2yz_v01.ma', '//home/crystal/Desktop/test_iu/project/tbd/assets/lookdev/char/ch_2yz/md/shader/ch_2yz_v02.ma', '//home/crystal/Desktop/test_iu/project/tbd/assets/lookdev/char/ch_2yz/md/shader/ch_2yz_v03.ma', '//home/crystal/Desktop/test_iu/project/tbd/assets/lookdev/char/ch_2yz/md/shader/ch_2yz_v04.ma', '//home/crystal/Desktop/test_iu/project/tbd/assets/lookdev/char/ch_2yz/md/shader/ch_2yz_v05.ma', '//home/crystal/Desktop/test_iu/project/tbd/assets/lookdev/char/ch_2yz/md/shader/ch_2yz_v01.xml', '//home/crystal/Desktop/test_iu/project/tbd/assets/lookdev/char/ch_2yz/md/shader/ch_2yz_v02.xml', '//home/crystal/Desktop/test_iu/project/tbd/assets/lookdev/char/ch_2yz/md/shader/ch_2yz_v03.xml', '//home/crystal/Desktop/test_iu/project/tbd/assets/lookdev/char/ch_2yz/md/shader/ch_2yz_v04.xml', '//home/crystal/Desktop/test_iu/project/tbd/assets/lookdev/char/ch_2yz/md/shader/ch_2yz_v05.xml']
['//home/crystal/Desktop/test_iu/project/tbd/assets/lookdev/char/ch_2yz/lo/shader/ch_2yz_v02.ma', '//home/crystal/Desktop/test_iu/project/tbd/assets/lookdev/char/ch_2yz/lo/shader/ch_2yz_v03.ma', '//home/crystal/Desktop/test_iu/project/tbd/assets/lookdev/char/ch_2yz/lo/shader/ch_2yz_v04.ma', '//home/crystal/Desktop/test_iu/project/tbd/assets/lookdev/char/ch_2yz/lo/shader/ch_2yz_v01.ma', '//home/crystal/Desktop/test_iu/project/tbd/assets/lookdev/char/ch_2yz/lo/shader/ch_2yz_v01.xml', '//home/crystal/Desktop/test_iu/project/tbd/assets/lookdev/char/ch_2yz/lo/shader/ch_2yz_v02.xml', '//home/crystal/Desktop/test_iu/project/tbd/assets/lookdev/char/ch_2yz/lo/shader/ch_2yz_v03.xml', '//home/crystal/Desktop/test_iu/project/tbd/assets/lookdev/char/ch_2yz/lo/shader/ch_2yz_v04.xml']
['//home/crystal/Desktop/test_iu/project/tbd/assets/lookdev/char/ch_3wc/md/shader/ch_3wc_v01.ma', '//home/crystal/Desktop/test_iu/project/tbd/assets/lookdev/char/ch_3wc/md/shader/ch_3wc_v02.ma', '//home/crystal/Desktop/test_iu/project/tbd/assets/lookdev/char/ch_3wc/md/shader/ch_3wc_v01.xml', '//home/crystal/Desktop/test_iu/project/tbd/assets/lookdev/char/ch_3wc/md/shader/ch_3wc_v02.xml']
//home/crystal/Desktop/test_iu/project/tbd/assets/lookdev/char/ch_3wc/ch_3wc_md.png=>None
//home/crystal/Desktop/test_iu/project/tbd/assets/lookdev/char/ch_3wc/Thumbs.db=>None
[]
//home/crystal/Desktop/test_iu/project/tbd/assets/lookdev/char/ch_3wmo/ch_3wmo_md.png=>None
//home/crystal/Desktop/test_iu/project/tbd/assets/lookdev/char/ch_3wmo/Thumbs.db=>None
//home/crystal/Desktop/test_iu/project/tbd/assets/lookdev/char/ch_cave_hacker_m/ch_cave_hacker_m_lo.png=>None
//home/crystal/Desktop/test_iu/project/tbd/assets/lookdev/char/ch_cave_hacker_m/Thumbs.db=>None
['//home/crystal/Desktop/test_iu/project/tbd/assets/lookdev/char/ch_cave_hacker_m/lo/shader/ch_cave_hacker_m_v01.ma', '//home/crystal/Desktop/test_iu/project/tbd/assets/lookdev/char/ch_cave_hacker_m/lo/shader/ch_cave_hacker_m_v01.xml']
[]
//home/crystal/Desktop/test_iu/project/tbd/assets/lookdev/char/ch_cave_hacker_wm/ch_cave_hacker_wm_md.png=>None
[]
//home/crystal/Desktop/test_iu/project/tbd/assets/lookdev/char/ch_cave_hacker_wm/ch_cave_hacker_wm_lo.png=>None
//home/crystal/Desktop/test_iu/project/tbd/assets/lookdev/char/ch_cave_hacker_wm/Thumbs.db=>None
//home/crystal/Desktop/test_iu/project/tbd/assets/lookdev/char/ch_cave_wmo/ch_cave_wmo_md.png=>None
//home/crystal/Desktop/test_iu/project/tbd/assets/lookdev/char/ch_cave_wmo/Thumbs.db=>None
[]
[]
//home/crystal/Desktop/test_iu/project/tbd/assets/lookdev/char/ch_soldier_a/ch_soldier_a_md.png=>None
['//home/crystal/Desktop/test_iu/project/tbd/assets/lookdev/char/ch_soldier_a/xl/shader/ch_soldier_a_v01.ma', '//home/crystal/Desktop/test_iu/project/tbd/assets/lookdev/char/ch_soldier_a/xl/shader/ch_soldier_a_v02.ma', '//home/crystal/Desktop/test_iu/project/tbd/assets/lookdev/char/ch_soldier_a/xl/shader/ch_soldier_a_v03.ma', '//home/crystal/Desktop/test_iu/project/tbd/assets/lookdev/char/ch_soldier_a/xl/shader/ch_soldier_a_v04.ma', '//home/crystal/Desktop/test_iu/project/tbd/assets/lookdev/char/ch_soldier_a/xl/shader/ch_soldier_a_v05.ma', '//home/crystal/Desktop/test_iu/project/tbd/assets/lookdev/char/ch_soldier_a/xl/shader/ch_soldier_a_v06.ma', '//home/crystal/Desktop/test_iu/project/tbd/assets/lookdev/char/ch_soldier_a/xl/shader/ch_soldier_a_v07.ma', '//home/crystal/Desktop/test_iu/project/tbd/assets/lookdev/char/ch_soldier_a/xl/shader/ch_soldier_a_v01.xml', '//home/crystal/Desktop/test_iu/project/tbd/assets/lookdev/char/ch_soldier_a/xl/shader/ch_soldier_a_v02.xml', '//home/crystal/Desktop/test_iu/project/tbd/assets/lookdev/char/ch_soldier_a/xl/shader/ch_soldier_a_v03.xml', '//home/crystal/Desktop/test_iu/project/tbd/assets/lookdev/char/ch_soldier_a/xl/shader/ch_soldier_a_v04.xml', '//home/crystal/Desktop/test_iu/project/tbd/assets/lookdev/char/ch_soldier_a/xl/shader/ch_soldier_a_v05.xml', '//home/crystal/Desktop/test_iu/project/tbd/assets/lookdev/char/ch_soldier_a/xl/shader/ch_soldier_a_v06.xml', '//home/crystal/Desktop/test_iu/project/tbd/assets/lookdev/char/ch_soldier_a/xl/shader/ch_soldier_a_v07.xml']
[]
//home/crystal/Desktop/test_iu/project/tbd/assets/lookdev/char/ch_soldier_a/ch_soldier_a_xlo.png=>None
//home/crystal/Desktop/test_iu/project/tbd/assets/lookdev/char/ch_soldier_a/Thumbs.db=>None
[]
[]
[]
[]
[]
[]
['//home/crystal/Desktop/test_iu/project/tbd/assets/lookdev/env/en_2ground_c1891/md/shader/en_2ground_c1891.ma', '//home/crystal/Desktop/test_iu/project/tbd/assets/lookdev/env/en_2ground_c1891/md/shader/en_2ground_c1891.xml']
[]
['//home/crystal/Desktop/test_iu/project/tbd/assets/lookdev/prop/pr_arrow/md/shader/pr_arrow_v01.ma', '//home/crystal/Desktop/test_iu/project/tbd/assets/lookdev/prop/pr_arrow/md/shader/pr_arrow_v02.ma', '//home/crystal/Desktop/test_iu/project/tbd/assets/lookdev/prop/pr_arrow/md/shader/pr_arrow_v01.xml', '//home/crystal/Desktop/test_iu/project/tbd/assets/lookdev/prop/pr_arrow/md/shader/pr_arrow_v02.xml']
[]
[]
['//home/crystal/Desktop/test_iu/project/tbd/assets/lookdev/prop/pr_bigdrum/lo/shader/pr_bigdrum_v01.ma', '//home/crystal/Desktop/test_iu/project/tbd/assets/lookdev/prop/pr_bigdrum/lo/shader/pr_bigdrum_v01.xml']
['//home/crystal/Desktop/test_iu/project/tbd/assets/lookdev/prop/pr_bigdrum/xl/shader/pr_bigdrum_v01.ma', '//home/crystal/Desktop/test_iu/project/tbd/assets/lookdev/prop/pr_bigdrum/xl/shader/pr_bigdrum_v02.ma', '//home/crystal/Desktop/test_iu/project/tbd/assets/lookdev/prop/pr_bigdrum/xl/shader/pr_bigdrum_v01.xml', '//home/crystal/Desktop/test_iu/project/tbd/assets/lookdev/prop/pr_bigdrum/xl/shader/pr_bigdrum_v02.xml']
['//home/crystal/Desktop/test_iu/project/tbd/assets/lookdev/prop/pr_bigdrum/xlo/shader/pr_bigdrum_v01.ma', '//home/crystal/Desktop/test_iu/project/tbd/assets/lookdev/prop/pr_bigdrum/xlo/shader/pr_bigdrum_v01.xml']
['//home/crystal/Desktop/test_iu/project/tbd/assets/lookdev/prop/pr_chain/lo/shader/pr_chain_v01.ma', '//home/crystal/Desktop/test_iu/project/tbd/assets/lookdev/prop/pr_chain/lo/shader/pr_chain_v01.xml']
['//home/crystal/Desktop/test_iu/project/tbd/assets/lookdev/prop/pr_chain/xlo/shader/pr_chain_v01.ma', '//home/crystal/Desktop/test_iu/project/tbd/assets/lookdev/prop/pr_chain/xlo/shader/pr_chain_v01.xml']
['//home/crystal/Desktop/test_iu/project/tbd/assets/lookdev/prop/pr_chain/hi/shader/pr_chain_v01.ma', '//home/crystal/Desktop/test_iu/project/tbd/assets/lookdev/prop/pr_chain/hi/shader/pr_chain_v01.xml']
[]
[]
['//home/crystal/Desktop/test_iu/project/tbd/assets/lookdev/prop/pr_flag_big/hi/shader/pr_flag_big_v02.ma', '//home/crystal/Desktop/test_iu/project/tbd/assets/lookdev/prop/pr_flag_big/hi/shader/pr_flag_big_v01.ma', '//home/crystal/Desktop/test_iu/project/tbd/assets/lookdev/prop/pr_flag_big/hi/shader/pr_flag_big_v02.xml', '//home/crystal/Desktop/test_iu/project/tbd/assets/lookdev/prop/pr_flag_big/hi/shader/pr_flag_big_v01.xml']
['//home/crystal/Desktop/test_iu/project/tbd/assets/lookdev/prop/pr_flag_mid_a/hi/shader/pr_flag_mid_a_v01.ma', '//home/crystal/Desktop/test_iu/project/tbd/assets/lookdev/prop/pr_flag_mid_a/hi/shader/pr_flag_mid_a_v01.xml']
[]
[]
max() arg is an empty sequence
//home/crystal/Desktop/test_iu/project/tbd/assets/model
=========2017-09-04 16:07:28.581493=========
tbd
['//home/crystal/Desktop/test_iu/project/tbd/assets/lookdev/char/ch_2wmo/lo/shader/ch_2wmo_v02.ma', '//home/crystal/Desktop/test_iu/project/tbd/assets/lookdev/char/ch_2wmo/lo/shader/ch_2wmo_v03.ma', '//home/crystal/Desktop/test_iu/project/tbd/assets/lookdev/char/ch_2wmo/lo/shader/ch_2wmo_v04.ma', '//home/crystal/Desktop/test_iu/project/tbd/assets/lookdev/char/ch_2wmo/lo/shader/ch_2wmo_v01.ma', '//home/crystal/Desktop/test_iu/project/tbd/assets/lookdev/char/ch_2wmo/lo/shader/ch_2wmo_v02.xml', '//home/crystal/Desktop/test_iu/project/tbd/assets/lookdev/char/ch_2wmo/lo/shader/ch_2wmo_v03.xml', '//home/crystal/Desktop/test_iu/project/tbd/assets/lookdev/char/ch_2wmo/lo/shader/ch_2wmo_v04.xml', '//home/crystal/Desktop/test_iu/project/tbd/assets/lookdev/char/ch_2wmo/lo/shader/ch_2wmo_v01.xml']
//home/crystal/Desktop/test_iu/project/tbd/assets/lookdev/char/ch_2wmo/ch_2wmo_md.png=>None
//home/crystal/Desktop/test_iu/project/tbd/assets/lookdev/char/ch_2wmo/Thumbs.db=>None
//home/crystal/Desktop/test_iu/project/tbd/assets/lookdev/char/ch_2yz/ch_2yz_lo.png=>None
//home/crystal/Desktop/test_iu/project/tbd/assets/lookdev/char/ch_2yz/Thumbs.db=>None
//home/crystal/Desktop/test_iu/project/tbd/assets/lookdev/char/ch_2yz/ch_2yz_md.png=>None
['//home/crystal/Desktop/test_iu/project/tbd/assets/lookdev/char/ch_2yz/md/shader/ch_2yz_v01.ma', '//home/crystal/Desktop/test_iu/project/tbd/assets/lookdev/char/ch_2yz/md/shader/ch_2yz_v02.ma', '//home/crystal/Desktop/test_iu/project/tbd/assets/lookdev/char/ch_2yz/md/shader/ch_2yz_v03.ma', '//home/crystal/Desktop/test_iu/project/tbd/assets/lookdev/char/ch_2yz/md/shader/ch_2yz_v04.ma', '//home/crystal/Desktop/test_iu/project/tbd/assets/lookdev/char/ch_2yz/md/shader/ch_2yz_v05.ma', '//home/crystal/Desktop/test_iu/project/tbd/assets/lookdev/char/ch_2yz/md/shader/ch_2yz_v01.xml', '//home/crystal/Desktop/test_iu/project/tbd/assets/lookdev/char/ch_2yz/md/shader/ch_2yz_v02.xml', '//home/crystal/Desktop/test_iu/project/tbd/assets/lookdev/char/ch_2yz/md/shader/ch_2yz_v03.xml', '//home/crystal/Desktop/test_iu/project/tbd/assets/lookdev/char/ch_2yz/md/shader/ch_2yz_v04.xml', '//home/crystal/Desktop/test_iu/project/tbd/assets/lookdev/char/ch_2yz/md/shader/ch_2yz_v05.xml']
['//home/crystal/Desktop/test_iu/project/tbd/assets/lookdev/char/ch_2yz/lo/shader/ch_2yz_v02.ma', '//home/crystal/Desktop/test_iu/project/tbd/assets/lookdev/char/ch_2yz/lo/shader/ch_2yz_v03.ma', '//home/crystal/Desktop/test_iu/project/tbd/assets/lookdev/char/ch_2yz/lo/shader/ch_2yz_v04.ma', '//home/crystal/Desktop/test_iu/project/tbd/assets/lookdev/char/ch_2yz/lo/shader/ch_2yz_v01.ma', '//home/crystal/Desktop/test_iu/project/tbd/assets/lookdev/char/ch_2yz/lo/shader/ch_2yz_v01.xml', '//home/crystal/Desktop/test_iu/project/tbd/assets/lookdev/char/ch_2yz/lo/shader/ch_2yz_v02.xml', '//home/crystal/Desktop/test_iu/project/tbd/assets/lookdev/char/ch_2yz/lo/shader/ch_2yz_v03.xml', '//home/crystal/Desktop/test_iu/project/tbd/assets/lookdev/char/ch_2yz/lo/shader/ch_2yz_v04.xml']
['//home/crystal/Desktop/test_iu/project/tbd/assets/lookdev/char/ch_3wc/md/shader/ch_3wc_v01.ma', '//home/crystal/Desktop/test_iu/project/tbd/assets/lookdev/char/ch_3wc/md/shader/ch_3wc_v02.ma', '//home/crystal/Desktop/test_iu/project/tbd/assets/lookdev/char/ch_3wc/md/shader/ch_3wc_v01.xml', '//home/crystal/Desktop/test_iu/project/tbd/assets/lookdev/char/ch_3wc/md/shader/ch_3wc_v02.xml']
//home/crystal/Desktop/test_iu/project/tbd/assets/lookdev/char/ch_3wc/ch_3wc_md.png=>None
//home/crystal/Desktop/test_iu/project/tbd/assets/lookdev/char/ch_3wc/Thumbs.db=>None
[]
//home/crystal/Desktop/test_iu/project/tbd/assets/lookdev/char/ch_3wmo/ch_3wmo_md.png=>None
//home/crystal/Desktop/test_iu/project/tbd/assets/lookdev/char/ch_3wmo/Thumbs.db=>None
//home/crystal/Desktop/test_iu/project/tbd/assets/lookdev/char/ch_cave_hacker_m/ch_cave_hacker_m_lo.png=>None
//home/crystal/Desktop/test_iu/project/tbd/assets/lookdev/char/ch_cave_hacker_m/Thumbs.db=>None
['//home/crystal/Desktop/test_iu/project/tbd/assets/lookdev/char/ch_cave_hacker_m/lo/shader/ch_cave_hacker_m_v01.ma', '//home/crystal/Desktop/test_iu/project/tbd/assets/lookdev/char/ch_cave_hacker_m/lo/shader/ch_cave_hacker_m_v01.xml']
[]
//home/crystal/Desktop/test_iu/project/tbd/assets/lookdev/char/ch_cave_hacker_wm/ch_cave_hacker_wm_md.png=>None
[]
//home/crystal/Desktop/test_iu/project/tbd/assets/lookdev/char/ch_cave_hacker_wm/ch_cave_hacker_wm_lo.png=>None
//home/crystal/Desktop/test_iu/project/tbd/assets/lookdev/char/ch_cave_hacker_wm/Thumbs.db=>None
//home/crystal/Desktop/test_iu/project/tbd/assets/lookdev/char/ch_cave_wmo/ch_cave_wmo_md.png=>None
//home/crystal/Desktop/test_iu/project/tbd/assets/lookdev/char/ch_cave_wmo/Thumbs.db=>None
[]
[]
//home/crystal/Desktop/test_iu/project/tbd/assets/lookdev/char/ch_soldier_a/ch_soldier_a_md.png=>None
['//home/crystal/Desktop/test_iu/project/tbd/assets/lookdev/char/ch_soldier_a/xl/shader/ch_soldier_a_v01.ma', '//home/crystal/Desktop/test_iu/project/tbd/assets/lookdev/char/ch_soldier_a/xl/shader/ch_soldier_a_v02.ma', '//home/crystal/Desktop/test_iu/project/tbd/assets/lookdev/char/ch_soldier_a/xl/shader/ch_soldier_a_v03.ma', '//home/crystal/Desktop/test_iu/project/tbd/assets/lookdev/char/ch_soldier_a/xl/shader/ch_soldier_a_v04.ma', '//home/crystal/Desktop/test_iu/project/tbd/assets/lookdev/char/ch_soldier_a/xl/shader/ch_soldier_a_v05.ma', '//home/crystal/Desktop/test_iu/project/tbd/assets/lookdev/char/ch_soldier_a/xl/shader/ch_soldier_a_v06.ma', '//home/crystal/Desktop/test_iu/project/tbd/assets/lookdev/char/ch_soldier_a/xl/shader/ch_soldier_a_v07.ma', '//home/crystal/Desktop/test_iu/project/tbd/assets/lookdev/char/ch_soldier_a/xl/shader/ch_soldier_a_v01.xml', '//home/crystal/Desktop/test_iu/project/tbd/assets/lookdev/char/ch_soldier_a/xl/shader/ch_soldier_a_v02.xml', '//home/crystal/Desktop/test_iu/project/tbd/assets/lookdev/char/ch_soldier_a/xl/shader/ch_soldier_a_v03.xml', '//home/crystal/Desktop/test_iu/project/tbd/assets/lookdev/char/ch_soldier_a/xl/shader/ch_soldier_a_v04.xml', '//home/crystal/Desktop/test_iu/project/tbd/assets/lookdev/char/ch_soldier_a/xl/shader/ch_soldier_a_v05.xml', '//home/crystal/Desktop/test_iu/project/tbd/assets/lookdev/char/ch_soldier_a/xl/shader/ch_soldier_a_v06.xml', '//home/crystal/Desktop/test_iu/project/tbd/assets/lookdev/char/ch_soldier_a/xl/shader/ch_soldier_a_v07.xml']
[]
//home/crystal/Desktop/test_iu/project/tbd/assets/lookdev/char/ch_soldier_a/ch_soldier_a_xlo.png=>None
//home/crystal/Desktop/test_iu/project/tbd/assets/lookdev/char/ch_soldier_a/Thumbs.db=>None
[]
[]
[]
[]
[]
[]
['//home/crystal/Desktop/test_iu/project/tbd/assets/lookdev/env/en_2ground_c1891/md/shader/en_2ground_c1891.ma', '//home/crystal/Desktop/test_iu/project/tbd/assets/lookdev/env/en_2ground_c1891/md/shader/en_2ground_c1891.xml']
[]
['//home/crystal/Desktop/test_iu/project/tbd/assets/lookdev/prop/pr_arrow/md/shader/pr_arrow_v01.ma', '//home/crystal/Desktop/test_iu/project/tbd/assets/lookdev/prop/pr_arrow/md/shader/pr_arrow_v02.ma', '//home/crystal/Desktop/test_iu/project/tbd/assets/lookdev/prop/pr_arrow/md/shader/pr_arrow_v01.xml', '//home/crystal/Desktop/test_iu/project/tbd/assets/lookdev/prop/pr_arrow/md/shader/pr_arrow_v02.xml']
[]
[]
['//home/crystal/Desktop/test_iu/project/tbd/assets/lookdev/prop/pr_bigdrum/lo/shader/pr_bigdrum_v01.ma', '//home/crystal/Desktop/test_iu/project/tbd/assets/lookdev/prop/pr_bigdrum/lo/shader/pr_bigdrum_v01.xml']
['//home/crystal/Desktop/test_iu/project/tbd/assets/lookdev/prop/pr_bigdrum/xl/shader/pr_bigdrum_v01.ma', '//home/crystal/Desktop/test_iu/project/tbd/assets/lookdev/prop/pr_bigdrum/xl/shader/pr_bigdrum_v02.ma', '//home/crystal/Desktop/test_iu/project/tbd/assets/lookdev/prop/pr_bigdrum/xl/shader/pr_bigdrum_v01.xml', '//home/crystal/Desktop/test_iu/project/tbd/assets/lookdev/prop/pr_bigdrum/xl/shader/pr_bigdrum_v02.xml']
['//home/crystal/Desktop/test_iu/project/tbd/assets/lookdev/prop/pr_bigdrum/xlo/shader/pr_bigdrum_v01.ma', '//home/crystal/Desktop/test_iu/project/tbd/assets/lookdev/prop/pr_bigdrum/xlo/shader/pr_bigdrum_v01.xml']
['//home/crystal/Desktop/test_iu/project/tbd/assets/lookdev/prop/pr_chain/lo/shader/pr_chain_v01.ma', '//home/crystal/Desktop/test_iu/project/tbd/assets/lookdev/prop/pr_chain/lo/shader/pr_chain_v01.xml']
['//home/crystal/Desktop/test_iu/project/tbd/assets/lookdev/prop/pr_chain/xlo/shader/pr_chain_v01.ma', '//home/crystal/Desktop/test_iu/project/tbd/assets/lookdev/prop/pr_chain/xlo/shader/pr_chain_v01.xml']
['//home/crystal/Desktop/test_iu/project/tbd/assets/lookdev/prop/pr_chain/hi/shader/pr_chain_v01.ma', '//home/crystal/Desktop/test_iu/project/tbd/assets/lookdev/prop/pr_chain/hi/shader/pr_chain_v01.xml']
[]
[]
['//home/crystal/Desktop/test_iu/project/tbd/assets/lookdev/prop/pr_flag_big/hi/shader/pr_flag_big_v02.ma', '//home/crystal/Desktop/test_iu/project/tbd/assets/lookdev/prop/pr_flag_big/hi/shader/pr_flag_big_v01.ma', '//home/crystal/Desktop/test_iu/project/tbd/assets/lookdev/prop/pr_flag_big/hi/shader/pr_flag_big_v02.xml', '//home/crystal/Desktop/test_iu/project/tbd/assets/lookdev/prop/pr_flag_big/hi/shader/pr_flag_big_v01.xml']
['//home/crystal/Desktop/test_iu/project/tbd/assets/lookdev/prop/pr_flag_mid_a/hi/shader/pr_flag_mid_a_v01.ma', '//home/crystal/Desktop/test_iu/project/tbd/assets/lookdev/prop/pr_flag_mid_a/hi/shader/pr_flag_mid_a_v01.xml']
[]
[]
max() arg is an empty sequence
//home/crystal/Desktop/test_iu/project/tbd/assets/model
=========2017-09-04 17:28:11.820357=========
tbd
['//home/crystal/Desktop/test_iu/project/tbd/assets/lookdev/char/ch_2wmo/lo/shader/ch_2wmo_v02.ma', '//home/crystal/Desktop/test_iu/project/tbd/assets/lookdev/char/ch_2wmo/lo/shader/ch_2wmo_v03.ma', '//home/crystal/Desktop/test_iu/project/tbd/assets/lookdev/char/ch_2wmo/lo/shader/ch_2wmo_v04.ma', '//home/crystal/Desktop/test_iu/project/tbd/assets/lookdev/char/ch_2wmo/lo/shader/ch_2wmo_v01.ma', '//home/crystal/Desktop/test_iu/project/tbd/assets/lookdev/char/ch_2wmo/lo/shader/ch_2wmo_v02.xml', '//home/crystal/Desktop/test_iu/project/tbd/assets/lookdev/char/ch_2wmo/lo/shader/ch_2wmo_v03.xml', '//home/crystal/Desktop/test_iu/project/tbd/assets/lookdev/char/ch_2wmo/lo/shader/ch_2wmo_v04.xml', '//home/crystal/Desktop/test_iu/project/tbd/assets/lookdev/char/ch_2wmo/lo/shader/ch_2wmo_v01.xml']
//home/crystal/Desktop/test_iu/project/tbd/assets/lookdev/char/ch_2wmo/ch_2wmo_md.png=>None
//home/crystal/Desktop/test_iu/project/tbd/assets/lookdev/char/ch_2wmo/Thumbs.db=>None
//home/crystal/Desktop/test_iu/project/tbd/assets/lookdev/char/ch_2yz/ch_2yz_lo.png=>None
//home/crystal/Desktop/test_iu/project/tbd/assets/lookdev/char/ch_2yz/Thumbs.db=>None
//home/crystal/Desktop/test_iu/project/tbd/assets/lookdev/char/ch_2yz/ch_2yz_md.png=>None
['//home/crystal/Desktop/test_iu/project/tbd/assets/lookdev/char/ch_2yz/md/shader/ch_2yz_v01.ma', '//home/crystal/Desktop/test_iu/project/tbd/assets/lookdev/char/ch_2yz/md/shader/ch_2yz_v02.ma', '//home/crystal/Desktop/test_iu/project/tbd/assets/lookdev/char/ch_2yz/md/shader/ch_2yz_v03.ma', '//home/crystal/Desktop/test_iu/project/tbd/assets/lookdev/char/ch_2yz/md/shader/ch_2yz_v04.ma', '//home/crystal/Desktop/test_iu/project/tbd/assets/lookdev/char/ch_2yz/md/shader/ch_2yz_v05.ma', '//home/crystal/Desktop/test_iu/project/tbd/assets/lookdev/char/ch_2yz/md/shader/ch_2yz_v01.xml', '//home/crystal/Desktop/test_iu/project/tbd/assets/lookdev/char/ch_2yz/md/shader/ch_2yz_v02.xml', '//home/crystal/Desktop/test_iu/project/tbd/assets/lookdev/char/ch_2yz/md/shader/ch_2yz_v03.xml', '//home/crystal/Desktop/test_iu/project/tbd/assets/lookdev/char/ch_2yz/md/shader/ch_2yz_v04.xml', '//home/crystal/Desktop/test_iu/project/tbd/assets/lookdev/char/ch_2yz/md/shader/ch_2yz_v05.xml']
['//home/crystal/Desktop/test_iu/project/tbd/assets/lookdev/char/ch_2yz/lo/shader/ch_2yz_v02.ma', '//home/crystal/Desktop/test_iu/project/tbd/assets/lookdev/char/ch_2yz/lo/shader/ch_2yz_v03.ma', '//home/crystal/Desktop/test_iu/project/tbd/assets/lookdev/char/ch_2yz/lo/shader/ch_2yz_v04.ma', '//home/crystal/Desktop/test_iu/project/tbd/assets/lookdev/char/ch_2yz/lo/shader/ch_2yz_v01.ma', '//home/crystal/Desktop/test_iu/project/tbd/assets/lookdev/char/ch_2yz/lo/shader/ch_2yz_v01.xml', '//home/crystal/Desktop/test_iu/project/tbd/assets/lookdev/char/ch_2yz/lo/shader/ch_2yz_v02.xml', '//home/crystal/Desktop/test_iu/project/tbd/assets/lookdev/char/ch_2yz/lo/shader/ch_2yz_v03.xml', '//home/crystal/Desktop/test_iu/project/tbd/assets/lookdev/char/ch_2yz/lo/shader/ch_2yz_v04.xml']
['//home/crystal/Desktop/test_iu/project/tbd/assets/lookdev/char/ch_3wc/md/shader/ch_3wc_v01.ma', '//home/crystal/Desktop/test_iu/project/tbd/assets/lookdev/char/ch_3wc/md/shader/ch_3wc_v02.ma', '//home/crystal/Desktop/test_iu/project/tbd/assets/lookdev/char/ch_3wc/md/shader/ch_3wc_v01.xml', '//home/crystal/Desktop/test_iu/project/tbd/assets/lookdev/char/ch_3wc/md/shader/ch_3wc_v02.xml']
//home/crystal/Desktop/test_iu/project/tbd/assets/lookdev/char/ch_3wc/ch_3wc_md.png=>None
//home/crystal/Desktop/test_iu/project/tbd/assets/lookdev/char/ch_3wc/Thumbs.db=>None
[]
//home/crystal/Desktop/test_iu/project/tbd/assets/lookdev/char/ch_3wmo/ch_3wmo_md.png=>None
//home/crystal/Desktop/test_iu/project/tbd/assets/lookdev/char/ch_3wmo/Thumbs.db=>None
//home/crystal/Desktop/test_iu/project/tbd/assets/lookdev/char/ch_cave_hacker_m/ch_cave_hacker_m_lo.png=>None
//home/crystal/Desktop/test_iu/project/tbd/assets/lookdev/char/ch_cave_hacker_m/Thumbs.db=>None
['//home/crystal/Desktop/test_iu/project/tbd/assets/lookdev/char/ch_cave_hacker_m/lo/shader/ch_cave_hacker_m_v01.ma', '//home/crystal/Desktop/test_iu/project/tbd/assets/lookdev/char/ch_cave_hacker_m/lo/shader/ch_cave_hacker_m_v01.xml']
[]
//home/crystal/Desktop/test_iu/project/tbd/assets/lookdev/char/ch_cave_hacker_wm/ch_cave_hacker_wm_md.png=>None
[]
//home/crystal/Desktop/test_iu/project/tbd/assets/lookdev/char/ch_cave_hacker_wm/ch_cave_hacker_wm_lo.png=>None
//home/crystal/Desktop/test_iu/project/tbd/assets/lookdev/char/ch_cave_hacker_wm/Thumbs.db=>None
//home/crystal/Desktop/test_iu/project/tbd/assets/lookdev/char/ch_cave_wmo/ch_cave_wmo_md.png=>None
//home/crystal/Desktop/test_iu/project/tbd/assets/lookdev/char/ch_cave_wmo/Thumbs.db=>None
[]
[]
//home/crystal/Desktop/test_iu/project/tbd/assets/lookdev/char/ch_soldier_a/ch_soldier_a_md.png=>None
['//home/crystal/Desktop/test_iu/project/tbd/assets/lookdev/char/ch_soldier_a/xl/shader/ch_soldier_a_v01.ma', '//home/crystal/Desktop/test_iu/project/tbd/assets/lookdev/char/ch_soldier_a/xl/shader/ch_soldier_a_v02.ma', '//home/crystal/Desktop/test_iu/project/tbd/assets/lookdev/char/ch_soldier_a/xl/shader/ch_soldier_a_v03.ma', '//home/crystal/Desktop/test_iu/project/tbd/assets/lookdev/char/ch_soldier_a/xl/shader/ch_soldier_a_v04.ma', '//home/crystal/Desktop/test_iu/project/tbd/assets/lookdev/char/ch_soldier_a/xl/shader/ch_soldier_a_v05.ma', '//home/crystal/Desktop/test_iu/project/tbd/assets/lookdev/char/ch_soldier_a/xl/shader/ch_soldier_a_v06.ma', '//home/crystal/Desktop/test_iu/project/tbd/assets/lookdev/char/ch_soldier_a/xl/shader/ch_soldier_a_v07.ma', '//home/crystal/Desktop/test_iu/project/tbd/assets/lookdev/char/ch_soldier_a/xl/shader/ch_soldier_a_v01.xml', '//home/crystal/Desktop/test_iu/project/tbd/assets/lookdev/char/ch_soldier_a/xl/shader/ch_soldier_a_v02.xml', '//home/crystal/Desktop/test_iu/project/tbd/assets/lookdev/char/ch_soldier_a/xl/shader/ch_soldier_a_v03.xml', '//home/crystal/Desktop/test_iu/project/tbd/assets/lookdev/char/ch_soldier_a/xl/shader/ch_soldier_a_v04.xml', '//home/crystal/Desktop/test_iu/project/tbd/assets/lookdev/char/ch_soldier_a/xl/shader/ch_soldier_a_v05.xml', '//home/crystal/Desktop/test_iu/project/tbd/assets/lookdev/char/ch_soldier_a/xl/shader/ch_soldier_a_v06.xml', '//home/crystal/Desktop/test_iu/project/tbd/assets/lookdev/char/ch_soldier_a/xl/shader/ch_soldier_a_v07.xml']
[]
//home/crystal/Desktop/test_iu/project/tbd/assets/lookdev/char/ch_soldier_a/ch_soldier_a_xlo.png=>None
//home/crystal/Desktop/test_iu/project/tbd/assets/lookdev/char/ch_soldier_a/Thumbs.db=>None
[]
[]
[]
[]
[]
[]
['//home/crystal/Desktop/test_iu/project/tbd/assets/lookdev/env/en_2ground_c1891/md/shader/en_2ground_c1891.ma', '//home/crystal/Desktop/test_iu/project/tbd/assets/lookdev/env/en_2ground_c1891/md/shader/en_2ground_c1891.xml']
[]
['//home/crystal/Desktop/test_iu/project/tbd/assets/lookdev/prop/pr_arrow/md/shader/pr_arrow_v01.ma', '//home/crystal/Desktop/test_iu/project/tbd/assets/lookdev/prop/pr_arrow/md/shader/pr_arrow_v02.ma', '//home/crystal/Desktop/test_iu/project/tbd/assets/lookdev/prop/pr_arrow/md/shader/pr_arrow_v01.xml', '//home/crystal/Desktop/test_iu/project/tbd/assets/lookdev/prop/pr_arrow/md/shader/pr_arrow_v02.xml']
[]
[]
['//home/crystal/Desktop/test_iu/project/tbd/assets/lookdev/prop/pr_bigdrum/lo/shader/pr_bigdrum_v01.ma', '//home/crystal/Desktop/test_iu/project/tbd/assets/lookdev/prop/pr_bigdrum/lo/shader/pr_bigdrum_v01.xml']
['//home/crystal/Desktop/test_iu/project/tbd/assets/lookdev/prop/pr_bigdrum/xl/shader/pr_bigdrum_v01.ma', '//home/crystal/Desktop/test_iu/project/tbd/assets/lookdev/prop/pr_bigdrum/xl/shader/pr_bigdrum_v02.ma', '//home/crystal/Desktop/test_iu/project/tbd/assets/lookdev/prop/pr_bigdrum/xl/shader/pr_bigdrum_v01.xml', '//home/crystal/Desktop/test_iu/project/tbd/assets/lookdev/prop/pr_bigdrum/xl/shader/pr_bigdrum_v02.xml']
['//home/crystal/Desktop/test_iu/project/tbd/assets/lookdev/prop/pr_bigdrum/xlo/shader/pr_bigdrum_v01.ma', '//home/crystal/Desktop/test_iu/project/tbd/assets/lookdev/prop/pr_bigdrum/xlo/shader/pr_bigdrum_v01.xml']
['//home/crystal/Desktop/test_iu/project/tbd/assets/lookdev/prop/pr_chain/lo/shader/pr_chain_v01.ma', '//home/crystal/Desktop/test_iu/project/tbd/assets/lookdev/prop/pr_chain/lo/shader/pr_chain_v01.xml']
['//home/crystal/Desktop/test_iu/project/tbd/assets/lookdev/prop/pr_chain/xlo/shader/pr_chain_v01.ma', '//home/crystal/Desktop/test_iu/project/tbd/assets/lookdev/prop/pr_chain/xlo/shader/pr_chain_v01.xml']
['//home/crystal/Desktop/test_iu/project/tbd/assets/lookdev/prop/pr_chain/hi/shader/pr_chain_v01.ma', '//home/crystal/Desktop/test_iu/project/tbd/assets/lookdev/prop/pr_chain/hi/shader/pr_chain_v01.xml']
[]
[]
['//home/crystal/Desktop/test_iu/project/tbd/assets/lookdev/prop/pr_flag_big/hi/shader/pr_flag_big_v02.ma', '//home/crystal/Desktop/test_iu/project/tbd/assets/lookdev/prop/pr_flag_big/hi/shader/pr_flag_big_v01.ma', '//home/crystal/Desktop/test_iu/project/tbd/assets/lookdev/prop/pr_flag_big/hi/shader/pr_flag_big_v02.xml', '//home/crystal/Desktop/test_iu/project/tbd/assets/lookdev/prop/pr_flag_big/hi/shader/pr_flag_big_v01.xml']
['//home/crystal/Desktop/test_iu/project/tbd/assets/lookdev/prop/pr_flag_mid_a/hi/shader/pr_flag_mid_a_v01.ma', '//home/crystal/Desktop/test_iu/project/tbd/assets/lookdev/prop/pr_flag_mid_a/hi/shader/pr_flag_mid_a_v01.xml']
[]
[]
max() arg is an empty sequence
//home/crystal/Desktop/test_iu/project/tbd/assets/model
