=========2017-09-08 18:02:52.711048=========
=========2017-09-08 18:03:17.283545=========
tbd
=========2017-09-08 18:03:31.018794=========
=========2017-09-08 18:05:55.581731=========
//home/crystal/Desktop/test_iu/project/tbd/assets/
['//home/crystal/Desktop/test_iu/project/tbd/assets/lookdev/char/ch_2wmo/md/shader/ch_2wmo_v02.ma', '//home/crystal/Desktop/test_iu/project/tbd/assets/lookdev/char/ch_2wmo/md/shader/ch_2wmo_v03.ma', '//home/crystal/Desktop/test_iu/project/tbd/assets/lookdev/char/ch_2wmo/md/shader/ch_2wmo_v04.ma', '//home/crystal/Desktop/test_iu/project/tbd/assets/lookdev/char/ch_2wmo/md/shader/ch_2wmo_v01.ma', '//home/crystal/Desktop/test_iu/project/tbd/assets/lookdev/char/ch_2wmo/md/shader/ch_2wmo_v02.xml', '//home/crystal/Desktop/test_iu/project/tbd/assets/lookdev/char/ch_2wmo/md/shader/ch_2wmo_v03.xml', '//home/crystal/Desktop/test_iu/project/tbd/assets/lookdev/char/ch_2wmo/md/shader/ch_2wmo_v04.xml', '//home/crystal/Desktop/test_iu/project/tbd/assets/lookdev/char/ch_2wmo/md/shader/ch_2wmo_v01.xml']
['//home/crystal/Desktop/test_iu/project/tbd/assets/lookdev/char/ch_2wmo/lo/shader/ch_2wmo_v02.ma', '//home/crystal/Desktop/test_iu/project/tbd/assets/lookdev/char/ch_2wmo/lo/shader/ch_2wmo_v03.ma', '//home/crystal/Desktop/test_iu/project/tbd/assets/lookdev/char/ch_2wmo/lo/shader/ch_2wmo_v04.ma', '//home/crystal/Desktop/test_iu/project/tbd/assets/lookdev/char/ch_2wmo/lo/shader/ch_2wmo_v01.ma', '//home/crystal/Desktop/test_iu/project/tbd/assets/lookdev/char/ch_2wmo/lo/shader/ch_2wmo_v02.xml', '//home/crystal/Desktop/test_iu/project/tbd/assets/lookdev/char/ch_2wmo/lo/shader/ch_2wmo_v03.xml', '//home/crystal/Desktop/test_iu/project/tbd/assets/lookdev/char/ch_2wmo/lo/shader/ch_2wmo_v04.xml', '//home/crystal/Desktop/test_iu/project/tbd/assets/lookdev/char/ch_2wmo/lo/shader/ch_2wmo_v01.xml']
//home/crystal/Desktop/test_iu/project/tbd/assets/lookdev/char/ch_2wmo/ch_2wmo_md.pngNone
//home/crystal/Desktop/test_iu/project/tbd/assets/lookdev/char/ch_2wmo/Thumbs.dbNone
//home/crystal/Desktop/test_iu/project/tbd/assets/lookdev/char/ch_2yz/ch_2yz_lo.pngNone
//home/crystal/Desktop/test_iu/project/tbd/assets/lookdev/char/ch_2yz/Thumbs.dbNone
//home/crystal/Desktop/test_iu/project/tbd/assets/lookdev/char/ch_2yz/ch_2yz_md.pngNone
['//home/crystal/Desktop/test_iu/project/tbd/assets/lookdev/char/ch_2yz/md/shader/ch_2yz_v01.ma', '//home/crystal/Desktop/test_iu/project/tbd/assets/lookdev/char/ch_2yz/md/shader/ch_2yz_v02.ma', '//home/crystal/Desktop/test_iu/project/tbd/assets/lookdev/char/ch_2yz/md/shader/ch_2yz_v03.ma', '//home/crystal/Desktop/test_iu/project/tbd/assets/lookdev/char/ch_2yz/md/shader/ch_2yz_v04.ma', '//home/crystal/Desktop/test_iu/project/tbd/assets/lookdev/char/ch_2yz/md/shader/ch_2yz_v05.ma', '//home/crystal/Desktop/test_iu/project/tbd/assets/lookdev/char/ch_2yz/md/shader/ch_2yz_v01.xml', '//home/crystal/Desktop/test_iu/project/tbd/assets/lookdev/char/ch_2yz/md/shader/ch_2yz_v02.xml', '//home/crystal/Desktop/test_iu/project/tbd/assets/lookdev/char/ch_2yz/md/shader/ch_2yz_v03.xml', '//home/crystal/Desktop/test_iu/project/tbd/assets/lookdev/char/ch_2yz/md/shader/ch_2yz_v04.xml', '//home/crystal/Desktop/test_iu/project/tbd/assets/lookdev/char/ch_2yz/md/shader/ch_2yz_v05.xml']
['//home/crystal/Desktop/test_iu/project/tbd/assets/lookdev/char/ch_2yz/lo/shader/ch_2yz_v02.ma', '//home/crystal/Desktop/test_iu/project/tbd/assets/lookdev/char/ch_2yz/lo/shader/ch_2yz_v03.ma', '//home/crystal/Desktop/test_iu/project/tbd/assets/lookdev/char/ch_2yz/lo/shader/ch_2yz_v04.ma', '//home/crystal/Desktop/test_iu/project/tbd/assets/lookdev/char/ch_2yz/lo/shader/ch_2yz_v01.ma', '//home/crystal/Desktop/test_iu/project/tbd/assets/lookdev/char/ch_2yz/lo/shader/ch_2yz_v01.xml', '//home/crystal/Desktop/test_iu/project/tbd/assets/lookdev/char/ch_2yz/lo/shader/ch_2yz_v02.xml', '//home/crystal/Desktop/test_iu/project/tbd/assets/lookdev/char/ch_2yz/lo/shader/ch_2yz_v03.xml', '//home/crystal/Desktop/test_iu/project/tbd/assets/lookdev/char/ch_2yz/lo/shader/ch_2yz_v04.xml']
['//home/crystal/Desktop/test_iu/project/tbd/assets/lookdev/char/ch_3wc/md/shader/ch_3wc_v01.ma', '//home/crystal/Desktop/test_iu/project/tbd/assets/lookdev/char/ch_3wc/md/shader/ch_3wc_v02.ma', '//home/crystal/Desktop/test_iu/project/tbd/assets/lookdev/char/ch_3wc/md/shader/ch_3wc_v01.xml', '//home/crystal/Desktop/test_iu/project/tbd/assets/lookdev/char/ch_3wc/md/shader/ch_3wc_v02.xml']
//home/crystal/Desktop/test_iu/project/tbd/assets/lookdev/char/ch_3wc/ch_3wc_md.pngNone
//home/crystal/Desktop/test_iu/project/tbd/assets/lookdev/char/ch_3wc/Thumbs.dbNone
[]
//home/crystal/Desktop/test_iu/project/tbd/assets/lookdev/char/ch_3wmo/ch_3wmo_md.pngNone
//home/crystal/Desktop/test_iu/project/tbd/assets/lookdev/char/ch_3wmo/Thumbs.dbNone
//home/crystal/Desktop/test_iu/project/tbd/assets/lookdev/char/ch_cave_hacker_m/ch_cave_hacker_m_lo.pngNone
//home/crystal/Desktop/test_iu/project/tbd/assets/lookdev/char/ch_cave_hacker_m/Thumbs.dbNone
['//home/crystal/Desktop/test_iu/project/tbd/assets/lookdev/char/ch_cave_hacker_m/lo/shader/ch_cave_hacker_m_v01.ma', '//home/crystal/Desktop/test_iu/project/tbd/assets/lookdev/char/ch_cave_hacker_m/lo/shader/ch_cave_hacker_m_v01.xml']
[]
//home/crystal/Desktop/test_iu/project/tbd/assets/lookdev/char/ch_cave_hacker_wm/ch_cave_hacker_wm_md.pngNone
[]
//home/crystal/Desktop/test_iu/project/tbd/assets/lookdev/char/ch_cave_hacker_wm/ch_cave_hacker_wm_lo.pngNone
//home/crystal/Desktop/test_iu/project/tbd/assets/lookdev/char/ch_cave_hacker_wm/Thumbs.dbNone
//home/crystal/Desktop/test_iu/project/tbd/assets/lookdev/char/ch_cave_wmo/ch_cave_wmo_md.pngNone
//home/crystal/Desktop/test_iu/project/tbd/assets/lookdev/char/ch_cave_wmo/Thumbs.dbNone
[]
[]
[]
['//home/crystal/Desktop/test_iu/project/tbd/assets/lookdev/prop/pr_arrow/md/shader/pr_arrow_v01.ma', '//home/crystal/Desktop/test_iu/project/tbd/assets/lookdev/prop/pr_arrow/md/shader/pr_arrow_v02.ma', '//home/crystal/Desktop/test_iu/project/tbd/assets/lookdev/prop/pr_arrow/md/shader/pr_arrow_v01.xml', '//home/crystal/Desktop/test_iu/project/tbd/assets/lookdev/prop/pr_arrow/md/shader/pr_arrow_v02.xml']
max() arg is an empty sequence
//home/crystal/Desktop/test_iu/project/tbd/assets/model
